<?xml version="1.0" encoding="UTF-8"?>
<testsuite name="AntiFraudTest" tests="1" skipped="0" failures="0" errors="0" timestamp="2023-05-19T17:30:44" hostname="MUS876" time="34.22">
  <properties/>
  <testcase name="start" classname="AntiFraudTest" time="34.22"/>
  <system-out><![CDATA[?[1;31m
Start test 1?[0m
?[0;34m
?[0m?[0;34m  .   ____          _            __ _ _
?[0m?[0;34m /\\ / ___'_ __ _ _(_)_ __  __ _ \ \ \ \
?[0m?[0;34m( ( )\___ | '_ | '_| | '_ \/ _` | \ \ \ \
?[0m?[0;34m \\/  ___)| |_)| | | | | || (_| |  ) ) ) )
?[0m?[0;34m  '  |____| .__|_| |_|_| |_\__, | / / / /
?[0m?[0;34m =========|_|==============|___/=/_/_/_/
?[0m?[0;34m :: Spring Boot ::                (v2.7.3)
?[0m?[0;34m
?[0m?[0;34m2023-05-19 23:00:45.100  INFO 40684 --- [    Test worker] antifraud.AntiFraudApplication           : Starting AntiFraudApplication using Java 17.0.6 on MUS876 with PID 40684 (started by mkuo8 in D:\Programming\Web programming\ReactBoot\Anti-Fraud System\Anti-Fraud System\task)
?[0m?[0;34m2023-05-19 23:00:45.100  INFO 40684 --- [    Test worker] antifraud.AntiFraudApplication           : No active profile set, falling back to 1 default profile: "default"
?[0m?[0;34m2023-05-19 23:00:46.267  INFO 40684 --- [    Test worker] .s.d.r.c.RepositoryConfigurationDelegate : Bootstrapping Spring Data JPA repositories in DEFAULT mode.
?[0m?[0;34m2023-05-19 23:00:46.352  INFO 40684 --- [    Test worker] .s.d.r.c.RepositoryConfigurationDelegate : Finished Spring Data repository scanning in 65 ms. Found 4 JPA repository interfaces.
?[0m?[0;34m2023-05-19 23:00:47.138  INFO 40684 --- [    Test worker] o.s.b.w.embedded.tomcat.TomcatWebServer  : Tomcat initialized with port(s): 28852 (http)
?[0m?[0;34m2023-05-19 23:00:47.150  INFO 40684 --- [    Test worker] o.apache.catalina.core.StandardService   : Starting service [Tomcat]
?[0m?[0;34m2023-05-19 23:00:47.151  INFO 40684 --- [    Test worker] org.apache.catalina.core.StandardEngine  : Starting Servlet engine: [Apache Tomcat/9.0.65]
?[0m?[0;34m2023-05-19 23:00:47.613  INFO 40684 --- [    Test worker] o.a.c.c.C.[Tomcat].[localhost].[/]       : Initializing Spring embedded WebApplicationContext
?[0m?[0;34m2023-05-19 23:00:47.613  INFO 40684 --- [    Test worker] w.s.c.ServletWebServerApplicationContext : Root WebApplicationContext: initialization completed in 2459 ms
?[0m?[0;34m2023-05-19 23:00:47.807  INFO 40684 --- [    Test worker] com.zaxxer.hikari.HikariDataSource       : HikariPool-1 - Starting...
?[0m?[0;34m2023-05-19 23:00:48.062  INFO 40684 --- [    Test worker] com.zaxxer.hikari.HikariDataSource       : HikariPool-1 - Start completed.
?[0m?[0;34m2023-05-19 23:00:48.067  INFO 40684 --- [    Test worker] o.s.b.a.h2.H2ConsoleAutoConfiguration    : H2 console available at '/h2-console'. Database available at 'jdbc:h2:file:../service_db'
?[0m?[0;34m2023-05-19 23:00:48.319  INFO 40684 --- [    Test worker] o.hibernate.jpa.internal.util.LogHelper  : HHH000204: Processing PersistenceUnitInfo [name: default]
?[0m?[0;34m2023-05-19 23:00:48.447  INFO 40684 --- [    Test worker] org.hibernate.Version                    : HHH000412: Hibernate ORM core version 5.6.10.Final
?[0m?[0;34m2023-05-19 23:00:48.798  INFO 40684 --- [    Test worker] o.hibernate.annotations.common.Version   : HCANN000001: Hibernate Commons Annotations {5.1.2.Final}
?[0m?[0;34m2023-05-19 23:00:48.970  INFO 40684 --- [    Test worker] org.hibernate.dialect.Dialect            : HHH000400: Using dialect: org.hibernate.dialect.H2Dialect
?[0m?[0;34mHibernate: create table stolen_cards (id bigint not null, number varchar(255), primary key (id))
?[0m?[0;34mHibernate: create table suspicious_ip (id bigint not null, ip varchar(255), primary key (id))
?[0m?[0;34mHibernate: create table transactions (id bigint not null, amount bigint, date timestamp, ip varchar(255), number varchar(255), region varchar(255), primary key (id))
?[0m?[0;34mHibernate: create table users (id bigint not null, active boolean, name varchar(255), password varchar(255), role varchar(255), username varchar(255), primary key (id))
?[0m?[0;34mHibernate: create sequence hibernate_sequence start with 1 increment by 1
?[0m?[0;34m2023-05-19 23:00:49.768  INFO 40684 --- [    Test worker] o.h.e.t.j.p.i.JtaPlatformInitiator       : HHH000490: Using JtaPlatform implementation: [org.hibernate.engine.transaction.jta.platform.internal.NoJtaPlatform]
?[0m?[0;34m2023-05-19 23:00:49.784  INFO 40684 --- [    Test worker] j.LocalContainerEntityManagerFactoryBean : Initialized JPA EntityManagerFactory for persistence unit 'default'
?[0m?[0;34m2023-05-19 23:00:50.341  WARN 40684 --- [    Test worker] JpaBaseConfiguration$JpaWebConfiguration : spring.jpa.open-in-view is enabled by default. Therefore, database queries may be performed during view rendering. Explicitly configure spring.jpa.open-in-view to disable this warning
?[0m?[0;34m2023-05-19 23:00:50.533  INFO 40684 --- [    Test worker] o.s.s.web.DefaultSecurityFilterChain     : Will secure any request with [org.springframework.security.web.session.DisableEncodeUrlFilter@46067a74, org.springframework.security.web.context.request.async.WebAsyncManagerIntegrationFilter@2d26c6a2, org.springframework.security.web.context.SecurityContextPersistenceFilter@26619e5, org.springframework.security.web.header.HeaderWriterFilter@57f6fc09, org.springframework.security.web.authentication.logout.LogoutFilter@395abe85, org.springframework.security.web.authentication.www.BasicAuthenticationFilter@3093161a, org.springframework.security.web.savedrequest.RequestCacheAwareFilter@6a4238ff, org.springframework.security.web.servletapi.SecurityContextHolderAwareRequestFilter@30259c61, org.springframework.security.web.authentication.AnonymousAuthenticationFilter@362e6fe, org.springframework.security.web.session.SessionManagementFilter@1e9b0c92, org.springframework.security.web.access.ExceptionTranslationFilter@1a59500b, org.springframework.security.web.access.intercept.FilterSecurityInterceptor@5cef5fc9]
?[0m?[0;34m2023-05-19 23:00:51.269  INFO 40684 --- [    Test worker] o.s.b.a.e.web.EndpointLinksResolver      : Exposing 14 endpoint(s) beneath base path '/actuator'
?[0m?[0;34m2023-05-19 23:00:51.364  INFO 40684 --- [    Test worker] o.s.b.w.embedded.tomcat.TomcatWebServer  : Tomcat started on port(s): 28852 (http) with context path ''
?[0m?[0;34m2023-05-19 23:00:51.395  INFO 40684 --- [    Test worker] antifraud.AntiFraudApplication           : Started AntiFraudApplication in 6.642 seconds (JVM running for 8.027)
?[0m?[0;34mTest case
?[0m?[0;34mTesting api: '/api/auth/user'
?[0m?[0;34mrequest: '{
?[0m?[0;34m   "name": "John Doe 1",
?[0m?[0;34m   "password": "oa3VvqnLxW"
?[0m?[0;34m}'
?[0m?[0;34mExpectations: 'In case of wrong data in request, endpoint must respond with BAD REQUEST  status (400).'
?[0m?[0;34m-----
?[0;34m2023-05-19 23:00:52.232  INFO 40684 --- [io-28852-exec-1] o.a.c.c.C.[Tomcat].[localhost].[/]       : Initializing Spring DispatcherServlet 'dispatcherServlet'
?[0m?[0;34m2023-05-19 23:00:52.233  INFO 40684 --- [io-28852-exec-1] o.s.web.servlet.DispatcherServlet        : Initializing Servlet 'dispatcherServlet'
?[0m?[0;34m2023-05-19 23:00:52.235  INFO 40684 --- [io-28852-exec-1] o.s.web.servlet.DispatcherServlet        : Completed initialization in 1 ms
?[0m?[1;31m
Start test 2?[0m
?[0;34mTest case
?[0m?[0;34mTesting api: '/api/auth/user'
?[0m?[0;34mrequest: '{
?[0m?[0;34m   "name": "John Doe 2",
?[0m?[0;34m   "username": "johndoe1"
?[0m?[0;34m}'
?[0m?[0;34mExpectations: 'In case of wrong data in request, endpoint must respond with BAD REQUEST  status (400).'
?[0m?[0;34m-----
?[0m?[1;31m
Start test 3?[0m
?[0;34mTest case
?[0m?[0;34mTesting api: '/api/auth/user'
?[0m?[0;34mrequest: '{
?[0m?[0;34m   "name": "John Doe 1",
?[0m?[0;34m   "username": "johndoe1",
?[0m?[0;34m   "password": "oMoa3VvqnLxW"
?[0m?[0;34m}'
?[0m?[0;34mExpectations: 'If user successfully added, endpoint must respond with HTTP CREATED status (201) '
?[0m?[0;34m-----
?[0;34mHibernate: select user0_.id as id1_3_, user0_.active as active2_3_, user0_.name as name3_3_, user0_.password as password4_3_, user0_.role as role5_3_, user0_.username as username6_3_ from users user0_ where user0_.username=?
?[0m?[0;34mHibernate: select user0_.id as id1_3_, user0_.active as active2_3_, user0_.name as name3_3_, user0_.password as password4_3_, user0_.role as role5_3_, user0_.username as username6_3_ from users user0_ where user0_.role=? limit ?
?[0m?[0;34mHibernate: call next value for hibernate_sequence
?[0m?[0;34mHibernate: insert into users (active, name, password, role, username, id) values (?, ?, ?, ?, ?, ?)
?[0m?[1;31m
Start test 4?[0m
?[0;34mTest case
?[0m?[0;34mTesting api: '/api/auth/list'
?[0m?[0;34mExpectations: 'Endpoint must respond with HTTP OK status (200) and body with array of objects representing the users sorted by ID in ascending order.'
?[0m?[0;34m-----
?[0;34mHibernate: select user0_.id as id1_3_, user0_.active as active2_3_, user0_.name as name3_3_, user0_.password as password4_3_, user0_.role as role5_3_, user0_.username as username6_3_ from users user0_ where user0_.username=?
?[0m?[0;34mHibernate: select user0_.id as id1_3_, user0_.active as active2_3_, user0_.name as name3_3_, user0_.password as password4_3_, user0_.role as role5_3_, user0_.username as username6_3_ from users user0_
?[0m?[1;31m
Start test 5?[0m
?[0;34mTest case
?[0m?[0;34mTesting api: '/api/auth/user'
?[0m?[0;34mrequest: '{
?[0m?[0;34m   "name": "John Doe 1",
?[0m?[0;34m   "username": "johndoe1",
?[0m?[0;34m   "password": "oMoa3VvqnLxW"
?[0m?[0;34m}'
?[0m?[0;34mExpectations: 'If user successfully added, endpoint must respond with HTTP CREATED status (201) '
?[0m?[0;34m-----
?[0;34mHibernate: select user0_.id as id1_3_, user0_.active as active2_3_, user0_.name as name3_3_, user0_.password as password4_3_, user0_.role as role5_3_, user0_.username as username6_3_ from users user0_ where user0_.username=?
?[0m?[0;34mHibernate: select user0_.id as id1_3_, user0_.active as active2_3_, user0_.name as name3_3_, user0_.password as password4_3_, user0_.role as role5_3_, user0_.username as username6_3_ from users user0_ where user0_.role=? limit ?
?[0m?[0;34mHibernate: call next value for hibernate_sequence
?[0m?[0;34mHibernate: insert into users (active, name, password, role, username, id) values (?, ?, ?, ?, ?, ?)
?[0m?[1;31m
Start test 6?[0m
?[0;34mTest case
?[0m?[0;34mTesting api: '/api/auth/list'
?[0m?[0;34mExpectations: 'Endpoint must respond with HTTP OK status (200) and body with array of objects representing the users sorted by ID in ascending order.'
?[0m?[0;34m-----
?[0;34mHibernate: select user0_.id as id1_3_, user0_.active as active2_3_, user0_.name as name3_3_, user0_.password as password4_3_, user0_.role as role5_3_, user0_.username as username6_3_ from users user0_ where user0_.username=?
?[0m?[0;34mHibernate: select user0_.id as id1_3_, user0_.active as active2_3_, user0_.name as name3_3_, user0_.password as password4_3_, user0_.role as role5_3_, user0_.username as username6_3_ from users user0_
?[0m?[1;31m
Start test 7?[0m
?[0;34mTest case
?[0m?[0;34mTesting api: '/api/auth/list'
?[0m?[0;34mExpectations: 'A user with incorrect credentials is not allowed'
?[0m?[0;34m-----
?[0;34mHibernate: select user0_.id as id1_3_, user0_.active as active2_3_, user0_.name as name3_3_, user0_.password as password4_3_, user0_.role as role5_3_, user0_.username as username6_3_ from users user0_ where user0_.username=?
?[0m?[1;31m
Start test 8?[0m
?[0;34mTest case
?[0m?[0;34mTesting api: '/api/auth/list'
?[0m?[0;34mExpectations: 'A user with incorrect credentials is not allowed'
?[0m?[0;34m-----
?[0;34mHibernate: select user0_.id as id1_3_, user0_.active as active2_3_, user0_.name as name3_3_, user0_.password as password4_3_, user0_.role as role5_3_, user0_.username as username6_3_ from users user0_ where user0_.username=?
?[0m?[1;31m
Start test 9?[0m
?[0;34mTest case
?[0m?[0;34mTesting api: '/api/antifraud/transaction'
?[0m?[0;34mExpectations: 'Merchant after registration must be LOCKED'
?[0m?[0;34m-----
?[0;34mHibernate: select user0_.id as id1_3_, user0_.active as active2_3_, user0_.name as name3_3_, user0_.password as password4_3_, user0_.role as role5_3_, user0_.username as username6_3_ from users user0_ where user0_.username=?
?[0m?[1;31m
Start test 10?[0m
?[0;34mTest case
?[0m?[0;34mTesting api: '/api/auth/access'
?[0m?[0;34mExpectations: 'A user johndoe1 must be UNLOCKED'
?[0m?[0;34m-----
?[0m?[0;34mHibernate: select user0_.id as id1_3_, user0_.active as active2_3_, user0_.name as name3_3_, user0_.password as password4_3_, user0_.role as role5_3_, user0_.username as username6_3_ from users user0_ where user0_.username=?
?[0m?[0;34mHibernate: select user0_.id as id1_3_, user0_.active as active2_3_, user0_.name as name3_3_, user0_.password as password4_3_, user0_.role as role5_3_, user0_.username as username6_3_ from users user0_ where user0_.username=?
?[0m?[0;34mHibernate: update users set active=?, name=?, password=?, role=?, username=? where id=?
?[0m?[1;31m
Start test 11?[0m
?[0;34mTest case
?[0m?[0;34mTesting api: '/api/antifraud/transaction'
?[0m?[0;34mExpectations: 'A user johndoe1 must be UNLOCKED'
?[0m?[0;34m-----
?[0;34mHibernate: select user0_.id as id1_3_, user0_.active as active2_3_, user0_.name as name3_3_, user0_.password as password4_3_, user0_.role as role5_3_, user0_.username as username6_3_ from users user0_ where user0_.username=?
?[0m?[0;34m192.168.1.1
?[0m?[0;34mHibernate: select transactio0_.id as id1_2_, transactio0_.amount as amount2_2_, transactio0_.date as date3_2_, transactio0_.ip as ip4_2_, transactio0_.number as number5_2_, transactio0_.region as region6_2_ from transactions transactio0_ where transactio0_.number=? and (transactio0_.date between ? and ?)
?[0m?[0;34mHibernate: select suspicious0_.id as id1_1_, suspicious0_.ip as ip2_1_ from suspicious_ip suspicious0_ where suspicious0_.ip=?
?[0m?[0;34mHibernate: select stolencard0_.id as id1_0_, stolencard0_.number as number2_0_ from stolen_cards stolencard0_ where stolencard0_.number=?
?[0m?[0;34mHibernate: call next value for hibernate_sequence
?[0m?[0;34mHibernate: insert into transactions (amount, date, ip, number, region, id) values (?, ?, ?, ?, ?, ?)
?[0m?[1;31m
Start test 12?[0m
?[0;34mTest case
?[0m?[0;34mTesting api: '/api/antifraud/transaction'
?[0m?[0;34mrequest: 'amount = 1'
?[0m?[0;34mExpectations: 'Result validating of Transaction must be 'ALLOWED''
?[0m?[0;34m-----
?[0m?[0;34mHibernate: select user0_.id as id1_3_, user0_.active as active2_3_, user0_.name as name3_3_, user0_.password as password4_3_, user0_.role as role5_3_, user0_.username as username6_3_ from users user0_ where user0_.username=?
?[0m?[0;34m192.168.1.1
?[0m?[0;34mHibernate: select transactio0_.id as id1_2_, transactio0_.amount as amount2_2_, transactio0_.date as date3_2_, transactio0_.ip as ip4_2_, transactio0_.number as number5_2_, transactio0_.region as region6_2_ from transactions transactio0_ where transactio0_.number=? and (transactio0_.date between ? and ?)
?[0m?[0;34mHibernate: select suspicious0_.id as id1_1_, suspicious0_.ip as ip2_1_ from suspicious_ip suspicious0_ where suspicious0_.ip=?
?[0m?[0;34mHibernate: select stolencard0_.id as id1_0_, stolencard0_.number as number2_0_ from stolen_cards stolencard0_ where stolencard0_.number=?
?[0m?[0;34mHibernate: call next value for hibernate_sequence
?[0m?[0;34mHibernate: insert into transactions (amount, date, ip, number, region, id) values (?, ?, ?, ?, ?, ?)
?[0m?[1;31m
Start test 13?[0m
?[0;34m2023-05-19 23:00:55.000  INFO 40684 --- [       Thread-5] o.apache.catalina.core.StandardService   : Stopping service [Tomcat]
?[0m?[0;34m2023-05-19 23:00:55.015  INFO 40684 --- [       Thread-5] o.a.c.c.C.[Tomcat].[localhost].[/]       : Destroying Spring FrameworkServlet 'dispatcherServlet'
?[0m?[0;34m2023-05-19 23:00:55.022  WARN 40684 --- [       Thread-5] o.a.c.loader.WebappClassLoaderBase       : The web application [ROOT] appears to have started a thread named [MVStore background writer D:/Programming/Web programming/ReactBoot/Anti-Fraud System/Anti-Fraud System/service_db.mv.db] but has failed to stop it. This is very likely to create a memory leak. Stack trace of thread:
?[0m?[0;34m java.base@17.0.6/java.lang.Object.wait(Native Method)
?[0m?[0;34m app//org.h2.mvstore.MVStore$BackgroundWriterThread.run(MVStore.java:3768)
?[0m?[0;34m2023-05-19 23:00:55.024  WARN 40684 --- [       Thread-5] o.a.c.loader.WebappClassLoaderBase       : The web application [ROOT] appears to have started a thread named [HikariPool-1 housekeeper] but has failed to stop it. This is very likely to create a memory leak. Stack trace of thread:
?[0m?[0;34m java.base@17.0.6/jdk.internal.misc.Unsafe.park(Native Method)
?[0m?[0;34m java.base@17.0.6/java.util.concurrent.locks.LockSupport.parkNanos(LockSupport.java:252)
?[0m?[0;34m java.base@17.0.6/java.util.concurrent.locks.AbstractQueuedSynchronizer$ConditionObject.awaitNanos(AbstractQueuedSynchronizer.java:1672)
?[0m?[0;34m java.base@17.0.6/java.util.concurrent.ScheduledThreadPoolExecutor$DelayedWorkQueue.take(ScheduledThreadPoolExecutor.java:1182)
?[0m?[0;34m java.base@17.0.6/java.util.concurrent.ScheduledThreadPoolExecutor$DelayedWorkQueue.take(ScheduledThreadPoolExecutor.java:899)
?[0m?[0;34m java.base@17.0.6/java.util.concurrent.ThreadPoolExecutor.getTask(ThreadPoolExecutor.java:1062)
?[0m?[0;34m java.base@17.0.6/java.util.concurrent.ThreadPoolExecutor.runWorker(ThreadPoolExecutor.java:1122)
?[0m?[0;34m java.base@17.0.6/java.util.concurrent.ThreadPoolExecutor$Worker.run(ThreadPoolExecutor.java:635)
?[0m?[0;34m java.base@17.0.6/java.lang.Thread.run(Thread.java:833)
?[0m?[0;34m2023-05-19 23:00:55.027  WARN 40684 --- [       Thread-5] o.a.c.loader.WebappClassLoaderBase       : The web application [ROOT] appears to have started a thread named [H2-serialization] but has failed to stop it. This is very likely to create a memory leak. Stack trace of thread:
?[0m?[0;34m java.base@17.0.6/jdk.internal.misc.Unsafe.park(Native Method)
?[0m?[0;34m java.base@17.0.6/java.util.concurrent.locks.LockSupport.park(LockSupport.java:341)
?[0m?[0;34m java.base@17.0.6/java.util.concurrent.locks.AbstractQueuedSynchronizer$ConditionNode.block(AbstractQueuedSynchronizer.java:506)
?[0m?[0;34m java.base@17.0.6/java.util.concurrent.ForkJoinPool.unmanagedBlock(ForkJoinPool.java:3463)
?[0m?[0;34m java.base@17.0.6/java.util.concurrent.ForkJoinPool.managedBlock(ForkJoinPool.java:3434)
?[0m?[0;34m java.base@17.0.6/java.util.concurrent.locks.AbstractQueuedSynchronizer$ConditionObject.await(AbstractQueuedSynchronizer.java:1623)
?[0m?[0;34m java.base@17.0.6/java.util.concurrent.LinkedBlockingQueue.take(LinkedBlockingQueue.java:435)
?[0m?[0;34m java.base@17.0.6/java.util.concurrent.ThreadPoolExecutor.getTask(ThreadPoolExecutor.java:1062)
?[0m?[0;34m java.base@17.0.6/java.util.concurrent.ThreadPoolExecutor.runWorker(ThreadPoolExecutor.java:1122)
?[0m?[0;34m java.base@17.0.6/java.util.concurrent.ThreadPoolExecutor$Worker.run(ThreadPoolExecutor.java:635)
?[0m?[0;34m java.base@17.0.6/java.lang.Thread.run(Thread.java:833)
?[0m?[0;34m2023-05-19 23:00:55.029  WARN 40684 --- [       Thread-5] o.a.c.loader.WebappClassLoaderBase       : The web application [ROOT] appears to have started a thread named [H2-save] but has failed to stop it. This is very likely to create a memory leak. Stack trace of thread:
?[0m?[0;34m java.base@17.0.6/jdk.internal.misc.Unsafe.park(Native Method)
?[0m?[0;34m java.base@17.0.6/java.util.concurrent.locks.LockSupport.park(LockSupport.java:341)
?[0m?[0;34m java.base@17.0.6/java.util.concurrent.locks.AbstractQueuedSynchronizer$ConditionNode.block(AbstractQueuedSynchronizer.java:506)
?[0m?[0;34m java.base@17.0.6/java.util.concurrent.ForkJoinPool.unmanagedBlock(ForkJoinPool.java:3463)
?[0m?[0;34m java.base@17.0.6/java.util.concurrent.ForkJoinPool.managedBlock(ForkJoinPool.java:3434)
?[0m?[0;34m java.base@17.0.6/java.util.concurrent.locks.AbstractQueuedSynchronizer$ConditionObject.await(AbstractQueuedSynchronizer.java:1623)
?[0m?[0;34m java.base@17.0.6/java.util.concurrent.LinkedBlockingQueue.take(LinkedBlockingQueue.java:435)
?[0m?[0;34m java.base@17.0.6/java.util.concurrent.ThreadPoolExecutor.getTask(ThreadPoolExecutor.java:1062)
?[0m?[0;34m java.base@17.0.6/java.util.concurrent.ThreadPoolExecutor.runWorker(ThreadPoolExecutor.java:1122)
?[0m?[0;34m java.base@17.0.6/java.util.concurrent.ThreadPoolExecutor$Worker.run(ThreadPoolExecutor.java:635)
?[0m?[0;34m java.base@17.0.6/java.lang.Thread.run(Thread.java:833)
?[0m?[0;34m2023-05-19 23:00:55.056  INFO 40684 --- [       Thread-5] j.LocalContainerEntityManagerFactoryBean : Closing JPA EntityManagerFactory for persistence unit 'default'
?[0m?[0;34m2023-05-19 23:00:55.065  INFO 40684 --- [       Thread-5] com.zaxxer.hikari.HikariDataSource       : HikariPool-1 - Shutdown initiated...
?[0m?[0;34m2023-05-19 23:00:55.096  INFO 40684 --- [       Thread-5] com.zaxxer.hikari.HikariDataSource       : HikariPool-1 - Shutdown completed.
?[0;34m
?[0m?[0;34m  .   ____          _            __ _ _
?[0m?[0;34m /\\ / ___'_ __ _ _(_)_ __  __ _ \ \ \ \
?[0m?[0;34m( ( )\___ | '_ | '_| | '_ \/ _` | \ \ \ \
?[0m?[0;34m \\/  ___)| |_)| | | | | || (_| |  ) ) ) )
?[0m?[0;34m  '  |____| .__|_| |_|_| |_\__, | / / / /
?[0m?[0;34m =========|_|==============|___/=/_/_/_/
?[0m?[0;34m :: Spring Boot ::                (v2.7.3)
?[0m?[0;34m
?[0m?[0;34m2023-05-19 23:01:05.314  INFO 40684 --- [    Test worker] antifraud.AntiFraudApplication           : Starting AntiFraudApplication using Java 17.0.6 on MUS876 with PID 40684 (started by mkuo8 in D:\Programming\Web programming\ReactBoot\Anti-Fraud System\Anti-Fraud System\task)
?[0m?[0;34m2023-05-19 23:01:05.314  INFO 40684 --- [    Test worker] antifraud.AntiFraudApplication           : No active profile set, falling back to 1 default profile: "default"
?[0m?[0;34m2023-05-19 23:01:05.729  INFO 40684 --- [    Test worker] .s.d.r.c.RepositoryConfigurationDelegate : Bootstrapping Spring Data JPA repositories in DEFAULT mode.
?[0m?[0;34m2023-05-19 23:01:05.750  INFO 40684 --- [    Test worker] .s.d.r.c.RepositoryConfigurationDelegate : Finished Spring Data repository scanning in 20 ms. Found 4 JPA repository interfaces.
?[0m?[0;34m2023-05-19 23:01:05.879  INFO 40684 --- [    Test worker] o.s.b.w.embedded.tomcat.TomcatWebServer  : Tomcat initialized with port(s): 28852 (http)
?[0m?[0;34m2023-05-19 23:01:05.879  INFO 40684 --- [    Test worker] o.apache.catalina.core.StandardService   : Starting service [Tomcat]
?[0m?[0;34m2023-05-19 23:01:05.882  INFO 40684 --- [    Test worker] org.apache.catalina.core.StandardEngine  : Starting Servlet engine: [Apache Tomcat/9.0.65]
?[0m?[0;34m2023-05-19 23:01:05.939  INFO 40684 --- [    Test worker] o.a.c.c.C.[Tomcat].[localhost].[/]       : Initializing Spring embedded WebApplicationContext
?[0m?[0;34m2023-05-19 23:01:05.939  INFO 40684 --- [    Test worker] w.s.c.ServletWebServerApplicationContext : Root WebApplicationContext: initialization completed in 621 ms
?[0m?[0;34m2023-05-19 23:01:05.996  INFO 40684 --- [    Test worker] com.zaxxer.hikari.HikariDataSource       : HikariPool-2 - Starting...
?[0m?[0;34m2023-05-19 23:01:06.020  INFO 40684 --- [    Test worker] com.zaxxer.hikari.HikariDataSource       : HikariPool-2 - Start completed.
?[0m?[0;34m2023-05-19 23:01:06.021  INFO 40684 --- [    Test worker] o.s.b.a.h2.H2ConsoleAutoConfiguration    : H2 console available at '/h2-console'. Database available at 'jdbc:h2:file:../service_db'
?[0m?[0;34m2023-05-19 23:01:06.080  INFO 40684 --- [    Test worker] o.hibernate.jpa.internal.util.LogHelper  : HHH000204: Processing PersistenceUnitInfo [name: default]
?[0m?[0;34m2023-05-19 23:01:06.088  INFO 40684 --- [    Test worker] org.hibernate.dialect.Dialect            : HHH000400: Using dialect: org.hibernate.dialect.H2Dialect
?[0m?[0;34m2023-05-19 23:01:06.172  INFO 40684 --- [    Test worker] o.h.e.t.j.p.i.JtaPlatformInitiator       : HHH000490: Using JtaPlatform implementation: [org.hibernate.engine.transaction.jta.platform.internal.NoJtaPlatform]
?[0m?[0;34m2023-05-19 23:01:06.172  INFO 40684 --- [    Test worker] j.LocalContainerEntityManagerFactoryBean : Initialized JPA EntityManagerFactory for persistence unit 'default'
?[0m?[0;34m2023-05-19 23:01:06.304  WARN 40684 --- [    Test worker] JpaBaseConfiguration$JpaWebConfiguration : spring.jpa.open-in-view is enabled by default. Therefore, database queries may be performed during view rendering. Explicitly configure spring.jpa.open-in-view to disable this warning
?[0m?[0;34m2023-05-19 23:01:06.337  INFO 40684 --- [    Test worker] o.s.s.web.DefaultSecurityFilterChain     : Will secure any request with [org.springframework.security.web.session.DisableEncodeUrlFilter@6dabad5c, org.springframework.security.web.context.request.async.WebAsyncManagerIntegrationFilter@1bfa398e, org.springframework.security.web.context.SecurityContextPersistenceFilter@51f91d19, org.springframework.security.web.header.HeaderWriterFilter@35e64c7b, org.springframework.security.web.authentication.logout.LogoutFilter@6980e66a, org.springframework.security.web.authentication.www.BasicAuthenticationFilter@1988e095, org.springframework.security.web.savedrequest.RequestCacheAwareFilter@5ce593bc, org.springframework.security.web.servletapi.SecurityContextHolderAwareRequestFilter@5b6789cf, org.springframework.security.web.authentication.AnonymousAuthenticationFilter@1203c259, org.springframework.security.web.session.SessionManagementFilter@17179a7e, org.springframework.security.web.access.ExceptionTranslationFilter@627dfd9f, org.springframework.security.web.access.intercept.FilterSecurityInterceptor@16d7f503]
?[0m?[0;34m2023-05-19 23:01:06.579  INFO 40684 --- [    Test worker] o.s.b.a.e.web.EndpointLinksResolver      : Exposing 14 endpoint(s) beneath base path '/actuator'
?[0m?[0;34m2023-05-19 23:01:06.605  INFO 40684 --- [    Test worker] o.s.b.w.embedded.tomcat.TomcatWebServer  : Tomcat started on port(s): 28852 (http) with context path ''
?[0m?[0;34m2023-05-19 23:01:06.613  INFO 40684 --- [    Test worker] antifraud.AntiFraudApplication           : Started AntiFraudApplication in 1.365 seconds (JVM running for 23.244)
?[0m?[1;31m
Start test 14?[0m
?[0;34mTest case
?[0m?[0;34mTesting api: '/api/auth/list'
?[0m?[0;34mExpectations: 'After restart user must exist'
?[0m?[0;34m-----
?[0;34m2023-05-19 23:01:06.636  INFO 40684 --- [io-28852-exec-1] o.a.c.c.C.[Tomcat].[localhost].[/]       : Initializing Spring DispatcherServlet 'dispatcherServlet'
?[0m?[0;34m2023-05-19 23:01:06.636  INFO 40684 --- [io-28852-exec-1] o.s.web.servlet.DispatcherServlet        : Initializing Servlet 'dispatcherServlet'
?[0m?[0;34m2023-05-19 23:01:06.639  INFO 40684 --- [io-28852-exec-1] o.s.web.servlet.DispatcherServlet        : Completed initialization in 3 ms
?[0m?[0;34mHibernate: select user0_.id as id1_3_, user0_.active as active2_3_, user0_.name as name3_3_, user0_.password as password4_3_, user0_.role as role5_3_, user0_.username as username6_3_ from users user0_ where user0_.username=?
?[0m?[0;34mHibernate: select user0_.id as id1_3_, user0_.active as active2_3_, user0_.name as name3_3_, user0_.password as password4_3_, user0_.role as role5_3_, user0_.username as username6_3_ from users user0_
?[0m?[1;31m
Start test 15?[0m
?[0;34mTest case
?[0m?[0;34mTesting api: '/api/auth/user'
?[0m?[0;34mrequest: '{
?[0m?[0;34m   "name": "John Doe 1",
?[0m?[0;34m   "username": "johndoe1",
?[0m?[0;34m   "password": "oMoa3VvqnLxW"
?[0m?[0;34m}'
?[0m?[0;34mExpectations: 'In case of an attempt to register an existing user, endpoint must respond with HTTP CONFLICT status (409).'
?[0m?[0;34m-----
?[0;34mHibernate: select user0_.id as id1_3_, user0_.active as active2_3_, user0_.name as name3_3_, user0_.password as password4_3_, user0_.role as role5_3_, user0_.username as username6_3_ from users user0_ where user0_.username=?
?[0m?[1;31m
Start test 16?[0m
?[0;34mTest case
?[0m?[0;34mTesting api: '/api/auth/user'
?[0m?[0;34mrequest: '{
?[0m?[0;34m   "name": "John Doe 2",
?[0m?[0;34m   "username": "johndoe2",
?[0m?[0;34m   "password": "oMoa5VvqnLxW"
?[0m?[0;34m}'
?[0m?[0;34mExpectations: 'If user successfully added, endpoint must respond with HTTP CREATED status (201) '
?[0m?[0;34m-----
?[0;34mHibernate: select user0_.id as id1_3_, user0_.active as active2_3_, user0_.name as name3_3_, user0_.password as password4_3_, user0_.role as role5_3_, user0_.username as username6_3_ from users user0_ where user0_.username=?
?[0m?[0;34mHibernate: select user0_.id as id1_3_, user0_.active as active2_3_, user0_.name as name3_3_, user0_.password as password4_3_, user0_.role as role5_3_, user0_.username as username6_3_ from users user0_ where user0_.role=? limit ?
?[0m?[0;34mHibernate: call next value for hibernate_sequence
?[0m?[0;34mHibernate: insert into users (active, name, password, role, username, id) values (?, ?, ?, ?, ?, ?)
?[0m?[1;31m
Start test 17?[0m
?[0;34mTest case
?[0m?[0;34mTesting api: '/api/auth/list'
?[0m?[0;34mExpectations: 'Endpoint must respond with HTTP OK status (200) and body with array of objects representing the users sorted by ID in ascending order.'
?[0m?[0;34m-----
?[0;34mHibernate: select user0_.id as id1_3_, user0_.active as active2_3_, user0_.name as name3_3_, user0_.password as password4_3_, user0_.role as role5_3_, user0_.username as username6_3_ from users user0_ where user0_.username=?
?[0m?[0;34mHibernate: select user0_.id as id1_3_, user0_.active as active2_3_, user0_.name as name3_3_, user0_.password as password4_3_, user0_.role as role5_3_, user0_.username as username6_3_ from users user0_
?[0m?[1;31m
Start test 18?[0m
?[0;34mTest case
?[0m?[0;34mTesting api: '/api/antifraud/transaction'
?[0m?[0;34mrequest: 'amount = 199'
?[0m?[0;34mExpectations: 'Result validating of Transaction must be 'ALLOWED''
?[0m?[0;34m-----
?[0;34mHibernate: select user0_.id as id1_3_, user0_.active as active2_3_, user0_.name as name3_3_, user0_.password as password4_3_, user0_.role as role5_3_, user0_.username as username6_3_ from users user0_ where user0_.username=?
?[0m?[0;34m192.168.1.1
?[0m?[0;34mHibernate: select transactio0_.id as id1_2_, transactio0_.amount as amount2_2_, transactio0_.date as date3_2_, transactio0_.ip as ip4_2_, transactio0_.number as number5_2_, transactio0_.region as region6_2_ from transactions transactio0_ where transactio0_.number=? and (transactio0_.date between ? and ?)
?[0m?[0;34mHibernate: select suspicious0_.id as id1_1_, suspicious0_.ip as ip2_1_ from suspicious_ip suspicious0_ where suspicious0_.ip=?
?[0m?[0;34mHibernate: select stolencard0_.id as id1_0_, stolencard0_.number as number2_0_ from stolen_cards stolencard0_ where stolencard0_.number=?
?[0m?[0;34mHibernate: call next value for hibernate_sequence
?[0m?[0;34mHibernate: insert into transactions (amount, date, ip, number, region, id) values (?, ?, ?, ?, ?, ?)
?[0m?[1;31m
Start test 19?[0m
?[0;34mTest case
?[0m?[0;34mTesting api: '/api/antifraud/transaction'
?[0m?[0;34mrequest: 'amount = 200'
?[0m?[0;34mExpectations: 'Result validating of Transaction must be 'ALLOWED''
?[0m?[0;34m-----
?[0;34mHibernate: select user0_.id as id1_3_, user0_.active as active2_3_, user0_.name as name3_3_, user0_.password as password4_3_, user0_.role as role5_3_, user0_.username as username6_3_ from users user0_ where user0_.username=?
?[0m?[0;34m192.168.1.1
?[0m?[0;34mHibernate: select transactio0_.id as id1_2_, transactio0_.amount as amount2_2_, transactio0_.date as date3_2_, transactio0_.ip as ip4_2_, transactio0_.number as number5_2_, transactio0_.region as region6_2_ from transactions transactio0_ where transactio0_.number=? and (transactio0_.date between ? and ?)
?[0m?[0;34mHibernate: select suspicious0_.id as id1_1_, suspicious0_.ip as ip2_1_ from suspicious_ip suspicious0_ where suspicious0_.ip=?
?[0m?[0;34mHibernate: select stolencard0_.id as id1_0_, stolencard0_.number as number2_0_ from stolen_cards stolencard0_ where stolencard0_.number=?
?[0m?[0;34mHibernate: call next value for hibernate_sequence
?[0m?[0;34mHibernate: insert into transactions (amount, date, ip, number, region, id) values (?, ?, ?, ?, ?, ?)
?[0m?[1;31m
Start test 20?[0m
?[0;34mTest case
?[0m?[0;34mTesting api: '/api/antifraud/transaction'
?[0m?[0;34mrequest: 'amount = 201'
?[0m?[0;34mExpectations: 'Result validating of Transaction must be 'MANUAL_PROCESSING''
?[0m?[0;34m-----
?[0;34mHibernate: select user0_.id as id1_3_, user0_.active as active2_3_, user0_.name as name3_3_, user0_.password as password4_3_, user0_.role as role5_3_, user0_.username as username6_3_ from users user0_ where user0_.username=?
?[0m?[0;34m192.168.1.1
?[0m?[0;34mHibernate: select transactio0_.id as id1_2_, transactio0_.amount as amount2_2_, transactio0_.date as date3_2_, transactio0_.ip as ip4_2_, transactio0_.number as number5_2_, transactio0_.region as region6_2_ from transactions transactio0_ where transactio0_.number=? and (transactio0_.date between ? and ?)
?[0m?[0;34mHibernate: select suspicious0_.id as id1_1_, suspicious0_.ip as ip2_1_ from suspicious_ip suspicious0_ where suspicious0_.ip=?
?[0m?[0;34mHibernate: select stolencard0_.id as id1_0_, stolencard0_.number as number2_0_ from stolen_cards stolencard0_ where stolencard0_.number=?
?[0m?[0;34mHibernate: call next value for hibernate_sequence
?[0m?[0;34mHibernate: insert into transactions (amount, date, ip, number, region, id) values (?, ?, ?, ?, ?, ?)
?[0m?[1;31m
Start test 21?[0m
?[0;34mTest case
?[0m?[0;34mTesting api: '/api/antifraud/transaction'
?[0m?[0;34mrequest: 'amount = 1499'
?[0m?[0;34mExpectations: 'Result validating of Transaction must be 'MANUAL_PROCESSING''
?[0m?[0;34m-----
?[0;34mHibernate: select user0_.id as id1_3_, user0_.active as active2_3_, user0_.name as name3_3_, user0_.password as password4_3_, user0_.role as role5_3_, user0_.username as username6_3_ from users user0_ where user0_.username=?
?[0m?[0;34m192.168.1.1
?[0m?[0;34mHibernate: select transactio0_.id as id1_2_, transactio0_.amount as amount2_2_, transactio0_.date as date3_2_, transactio0_.ip as ip4_2_, transactio0_.number as number5_2_, transactio0_.region as region6_2_ from transactions transactio0_ where transactio0_.number=? and (transactio0_.date between ? and ?)
?[0m?[0;34mHibernate: select suspicious0_.id as id1_1_, suspicious0_.ip as ip2_1_ from suspicious_ip suspicious0_ where suspicious0_.ip=?
?[0m?[0;34mHibernate: select stolencard0_.id as id1_0_, stolencard0_.number as number2_0_ from stolen_cards stolencard0_ where stolencard0_.number=?
?[0m?[0;34mHibernate: call next value for hibernate_sequence
?[0m?[0;34mHibernate: insert into transactions (amount, date, ip, number, region, id) values (?, ?, ?, ?, ?, ?)
?[0m?[1;31m
Start test 22?[0m
?[0;34mTest case
?[0m?[0;34mTesting api: '/api/antifraud/transaction'
?[0m?[0;34mrequest: 'amount = 1500'
?[0m?[0;34mExpectations: 'Result validating of Transaction must be 'MANUAL_PROCESSING''
?[0m?[0;34m-----
?[0;34mHibernate: select user0_.id as id1_3_, user0_.active as active2_3_, user0_.name as name3_3_, user0_.password as password4_3_, user0_.role as role5_3_, user0_.username as username6_3_ from users user0_ where user0_.username=?
?[0m?[0;34m192.168.1.1
?[0m?[0;34mHibernate: select transactio0_.id as id1_2_, transactio0_.amount as amount2_2_, transactio0_.date as date3_2_, transactio0_.ip as ip4_2_, transactio0_.number as number5_2_, transactio0_.region as region6_2_ from transactions transactio0_ where transactio0_.number=? and (transactio0_.date between ? and ?)
?[0m?[0;34mHibernate: select suspicious0_.id as id1_1_, suspicious0_.ip as ip2_1_ from suspicious_ip suspicious0_ where suspicious0_.ip=?
?[0m?[0;34mHibernate: select stolencard0_.id as id1_0_, stolencard0_.number as number2_0_ from stolen_cards stolencard0_ where stolencard0_.number=?
?[0m?[0;34mHibernate: call next value for hibernate_sequence
?[0m?[0;34mHibernate: insert into transactions (amount, date, ip, number, region, id) values (?, ?, ?, ?, ?, ?)
?[0m?[1;31m
Start test 23?[0m
?[0;34mTest case
?[0m?[0;34mTesting api: '/api/antifraud/transaction'
?[0m?[0;34mrequest: 'amount = 1501'
?[0m?[0;34mExpectations: 'Result validating of Transaction must be 'PROHIBITED''
?[0m?[0;34m-----
?[0;34mHibernate: select user0_.id as id1_3_, user0_.active as active2_3_, user0_.name as name3_3_, user0_.password as password4_3_, user0_.role as role5_3_, user0_.username as username6_3_ from users user0_ where user0_.username=?
?[0m?[0;34m192.168.1.1
?[0m?[0;34mHibernate: select transactio0_.id as id1_2_, transactio0_.amount as amount2_2_, transactio0_.date as date3_2_, transactio0_.ip as ip4_2_, transactio0_.number as number5_2_, transactio0_.region as region6_2_ from transactions transactio0_ where transactio0_.number=? and (transactio0_.date between ? and ?)
?[0m?[0;34mHibernate: select suspicious0_.id as id1_1_, suspicious0_.ip as ip2_1_ from suspicious_ip suspicious0_ where suspicious0_.ip=?
?[0m?[0;34mHibernate: select stolencard0_.id as id1_0_, stolencard0_.number as number2_0_ from stolen_cards stolencard0_ where stolencard0_.number=?
?[0m?[0;34mHibernate: call next value for hibernate_sequence
?[0m?[0;34mHibernate: insert into transactions (amount, date, ip, number, region, id) values (?, ?, ?, ?, ?, ?)
?[0m?[1;31m
Start test 24?[0m
?[0;34mTest case
?[0m?[0;34mTesting api: '/api/antifraud/transaction'
?[0m?[0;34mrequest: 'amount = 2000'
?[0m?[0;34mExpectations: 'Result validating of Transaction must be 'PROHIBITED''
?[0m?[0;34m-----
?[0m?[0;34mHibernate: select user0_.id as id1_3_, user0_.active as active2_3_, user0_.name as name3_3_, user0_.password as password4_3_, user0_.role as role5_3_, user0_.username as username6_3_ from users user0_ where user0_.username=?
?[0m?[0;34m192.168.1.1
?[0m?[0;34mHibernate: select transactio0_.id as id1_2_, transactio0_.amount as amount2_2_, transactio0_.date as date3_2_, transactio0_.ip as ip4_2_, transactio0_.number as number5_2_, transactio0_.region as region6_2_ from transactions transactio0_ where transactio0_.number=? and (transactio0_.date between ? and ?)
?[0m?[0;34mHibernate: select suspicious0_.id as id1_1_, suspicious0_.ip as ip2_1_ from suspicious_ip suspicious0_ where suspicious0_.ip=?
?[0m?[0;34mHibernate: select stolencard0_.id as id1_0_, stolencard0_.number as number2_0_ from stolen_cards stolencard0_ where stolencard0_.number=?
?[0m?[0;34mHibernate: call next value for hibernate_sequence
?[0m?[0;34mHibernate: insert into transactions (amount, date, ip, number, region, id) values (?, ?, ?, ?, ?, ?)
?[0m?[1;31m
Start test 25?[0m
?[0;34mTest case
?[0m?[0;34mTesting api: '/api/antifraud/transaction'
?[0m?[0;34mrequest: 'amount = -1'
?[0m?[0;34mExpectations: 'Response status must be 'Bad request''
?[0m?[0;34m-----
?[0m?[0;34mHibernate: select user0_.id as id1_3_, user0_.active as active2_3_, user0_.name as name3_3_, user0_.password as password4_3_, user0_.role as role5_3_, user0_.username as username6_3_ from users user0_ where user0_.username=?
?[0m?[0;34m192.168.1.1
?[0m?[0;34mHibernate: select transactio0_.id as id1_2_, transactio0_.amount as amount2_2_, transactio0_.date as date3_2_, transactio0_.ip as ip4_2_, transactio0_.number as number5_2_, transactio0_.region as region6_2_ from transactions transactio0_ where transactio0_.number=? and (transactio0_.date between ? and ?)
?[0m?[0;34mHibernate: select suspicious0_.id as id1_1_, suspicious0_.ip as ip2_1_ from suspicious_ip suspicious0_ where suspicious0_.ip=?
?[0m?[0;34mHibernate: select stolencard0_.id as id1_0_, stolencard0_.number as number2_0_ from stolen_cards stolencard0_ where stolencard0_.number=?
?[0m?[1;31m
Start test 26?[0m
?[0;34mTest case
?[0m?[0;34mTesting api: '/api/antifraud/transaction'
?[0m?[0;34mrequest: 'amount = 0'
?[0m?[0;34mExpectations: 'Response status must be 'Bad request''
?[0m?[0;34m-----
?[0m?[0;34mHibernate: select user0_.id as id1_3_, user0_.active as active2_3_, user0_.name as name3_3_, user0_.password as password4_3_, user0_.role as role5_3_, user0_.username as username6_3_ from users user0_ where user0_.username=?
?[0m?[0;34m192.168.1.1
?[0m?[0;34mHibernate: select transactio0_.id as id1_2_, transactio0_.amount as amount2_2_, transactio0_.date as date3_2_, transactio0_.ip as ip4_2_, transactio0_.number as number5_2_, transactio0_.region as region6_2_ from transactions transactio0_ where transactio0_.number=? and (transactio0_.date between ? and ?)
?[0m?[0;34mHibernate: select suspicious0_.id as id1_1_, suspicious0_.ip as ip2_1_ from suspicious_ip suspicious0_ where suspicious0_.ip=?
?[0m?[0;34mHibernate: select stolencard0_.id as id1_0_, stolencard0_.number as number2_0_ from stolen_cards stolencard0_ where stolencard0_.number=?
?[0m?[1;31m
Start test 27?[0m
?[0;34mTest case
?[0m?[0;34mTesting api: '/api/antifraud/transaction'
?[0m?[0;34mrequest: 'amount = null'
?[0m?[0;34mExpectations: 'Response status must be 'Bad request''
?[0m?[0;34m-----
?[0m?[0;34mHibernate: select user0_.id as id1_3_, user0_.active as active2_3_, user0_.name as name3_3_, user0_.password as password4_3_, user0_.role as role5_3_, user0_.username as username6_3_ from users user0_ where user0_.username=?
?[0m?[0;34m192.168.1.1
?[0m?[0;34mHibernate: select transactio0_.id as id1_2_, transactio0_.amount as amount2_2_, transactio0_.date as date3_2_, transactio0_.ip as ip4_2_, transactio0_.number as number5_2_, transactio0_.region as region6_2_ from transactions transactio0_ where transactio0_.number=? and (transactio0_.date between ? and ?)
?[0m?[0;34mHibernate: select suspicious0_.id as id1_1_, suspicious0_.ip as ip2_1_ from suspicious_ip suspicious0_ where suspicious0_.ip=?
?[0m?[0;34mHibernate: select stolencard0_.id as id1_0_, stolencard0_.number as number2_0_ from stolen_cards stolencard0_ where stolencard0_.number=?
?[0m?[1;31m
Start test 28?[0m
?[0;34mTest case
?[0m?[0;34mTesting api: '/api/antifraud/transaction'
?[0m?[0;34mrequest: 'amount = ""'
?[0m?[0;34mExpectations: 'Response status must be 'Bad request''
?[0m?[0;34m-----
?[0m?[0;34mHibernate: select user0_.id as id1_3_, user0_.active as active2_3_, user0_.name as name3_3_, user0_.password as password4_3_, user0_.role as role5_3_, user0_.username as username6_3_ from users user0_ where user0_.username=?
?[0m?[0;34m192.168.1.1
?[0m?[0;34mHibernate: select transactio0_.id as id1_2_, transactio0_.amount as amount2_2_, transactio0_.date as date3_2_, transactio0_.ip as ip4_2_, transactio0_.number as number5_2_, transactio0_.region as region6_2_ from transactions transactio0_ where transactio0_.number=? and (transactio0_.date between ? and ?)
?[0m?[0;34mHibernate: select suspicious0_.id as id1_1_, suspicious0_.ip as ip2_1_ from suspicious_ip suspicious0_ where suspicious0_.ip=?
?[0m?[0;34mHibernate: select stolencard0_.id as id1_0_, stolencard0_.number as number2_0_ from stolen_cards stolencard0_ where stolencard0_.number=?
?[0m?[1;31m
Start test 29?[0m
?[0;34mTest case
?[0m?[0;34mTesting api: '/api/antifraud/transaction'
?[0m?[0;34mrequest: 'amount = " "'
?[0m?[0;34mExpectations: 'Response status must be 'Bad request''
?[0m?[0;34m-----
?[0m?[0;34mHibernate: select user0_.id as id1_3_, user0_.active as active2_3_, user0_.name as name3_3_, user0_.password as password4_3_, user0_.role as role5_3_, user0_.username as username6_3_ from users user0_ where user0_.username=?
?[0m?[0;34m192.168.1.1
?[0m?[0;34mHibernate: select transactio0_.id as id1_2_, transactio0_.amount as amount2_2_, transactio0_.date as date3_2_, transactio0_.ip as ip4_2_, transactio0_.number as number5_2_, transactio0_.region as region6_2_ from transactions transactio0_ where transactio0_.number=? and (transactio0_.date between ? and ?)
?[0m?[0;34mHibernate: select suspicious0_.id as id1_1_, suspicious0_.ip as ip2_1_ from suspicious_ip suspicious0_ where suspicious0_.ip=?
?[0m?[0;34mHibernate: select stolencard0_.id as id1_0_, stolencard0_.number as number2_0_ from stolen_cards stolencard0_ where stolencard0_.number=?
?[0m?[1;31m
Start test 30?[0m
?[0;34mTest case
?[0m?[0;34mTesting api: '/api/antifraud/transaction'
?[0m?[0;34mrequest: 'empty body'
?[0m?[0;34mExpectations: 'Response status must be 'Bad request''
?[0m?[0;34m-----
?[0m?[0;34mHibernate: select user0_.id as id1_3_, user0_.active as active2_3_, user0_.name as name3_3_, user0_.password as password4_3_, user0_.role as role5_3_, user0_.username as username6_3_ from users user0_ where user0_.username=?
?[0m?[1;31m
Start test 31?[0m
?[0;34mTest case
?[0m?[0;34mTesting api: '/api/auth/user'
?[0m?[0;34mrequest: '/api/auth/user/somebody'
?[0m?[0;34mExpectations: 'If a user is not found, respond with HTTP Not Found status (404).'
?[0m?[0;34m-----
?[0m?[0;34mHibernate: select user0_.id as id1_3_, user0_.active as active2_3_, user0_.name as name3_3_, user0_.password as password4_3_, user0_.role as role5_3_, user0_.username as username6_3_ from users user0_ where user0_.username=?
?[0m?[0;34mHibernate: select user0_.id as id1_3_, user0_.active as active2_3_, user0_.name as name3_3_, user0_.password as password4_3_, user0_.role as role5_3_, user0_.username as username6_3_ from users user0_ where user0_.username=?
?[0m?[1;31m
Start test 32?[0m
?[0;34mTest case
?[0m?[0;34mTesting api: '/api/auth/user'
?[0m?[0;34mrequest: '/api/auth/user/johndoe1'
?[0m?[0;34mExpectations: 'The endpoint must delete the user and respond with HTTP OK status (200)'
?[0m?[0;34m-----
?[0m?[0;34mHibernate: select user0_.id as id1_3_, user0_.active as active2_3_, user0_.name as name3_3_, user0_.password as password4_3_, user0_.role as role5_3_, user0_.username as username6_3_ from users user0_ where user0_.username=?
?[0m?[0;34mHibernate: select user0_.id as id1_3_, user0_.active as active2_3_, user0_.name as name3_3_, user0_.password as password4_3_, user0_.role as role5_3_, user0_.username as username6_3_ from users user0_ where user0_.username=?
?[0m?[0;34mHibernate: delete from users where id=?
?[0m?[1;31m
Start test 33?[0m
?[0;34mTest case
?[0m?[0;34mTesting api: '/api/auth/list'
?[0m?[0;34mExpectations: 'User 'johndoe1' must be delete'
?[0m?[0;34m-----
?[0m?[0;34mHibernate: select user0_.id as id1_3_, user0_.active as active2_3_, user0_.name as name3_3_, user0_.password as password4_3_, user0_.role as role5_3_, user0_.username as username6_3_ from users user0_ where user0_.username=?
?[0m?[0;34mHibernate: select user0_.id as id1_3_, user0_.active as active2_3_, user0_.name as name3_3_, user0_.password as password4_3_, user0_.role as role5_3_, user0_.username as username6_3_ from users user0_
?[0m?[1;31m
Start test 34?[0m
?[0;34mTest case
?[0m?[0;34mTesting api: '/api/auth/role'
?[0m?[0;34mExpectations: 'If a user is not found, endpoint must respond with the HTTP Not Found status (404).'
?[0m?[0;34m-----
?[0m?[0;34mHibernate: select user0_.id as id1_3_, user0_.active as active2_3_, user0_.name as name3_3_, user0_.password as password4_3_, user0_.role as role5_3_, user0_.username as username6_3_ from users user0_ where user0_.username=?
?[0m?[0;34mMERCHANT
?[0m?[0;34mHibernate: select user0_.id as id1_3_, user0_.active as active2_3_, user0_.name as name3_3_, user0_.password as password4_3_, user0_.role as role5_3_, user0_.username as username6_3_ from users user0_ where user0_.username=?
?[0m?[1;31m
Start test 35?[0m
?[0;34mTest case
?[0m?[0;34mTesting api: '/api/auth/role'
?[0m?[0;34mExpectations: 'If a role is not found, endpoint must respond with the HTTP Bad Request status (400).'
?[0m?[0;34m-----
?[0m?[0;34mHibernate: select user0_.id as id1_3_, user0_.active as active2_3_, user0_.name as name3_3_, user0_.password as password4_3_, user0_.role as role5_3_, user0_.username as username6_3_ from users user0_ where user0_.username=?
?[0m?[0;34mUSER
?[0m?[1;31m
Start test 36?[0m
?[0;34mTest case
?[0m?[0;34mTesting api: '/api/auth/role'
?[0m?[0;34mExpectations: 'If a role is ADMINISTRATOR, endpoint must respond with the HTTP Bad Request status (400).'
?[0m?[0;34m-----
?[0m?[0;34mHibernate: select user0_.id as id1_3_, user0_.active as active2_3_, user0_.name as name3_3_, user0_.password as password4_3_, user0_.role as role5_3_, user0_.username as username6_3_ from users user0_ where user0_.username=?
?[0m?[0;34mADMINISTRATOR
?[0m?[1;31m
Start test 37?[0m
?[0;34mTest case
?[0m?[0;34mTesting api: '/api/auth/role'
?[0m?[0;34mExpectations: 'If a role successfully changed, respond with the HTTP OK status (200)'
?[0m?[0;34m-----
?[0m?[0;34mHibernate: select user0_.id as id1_3_, user0_.active as active2_3_, user0_.name as name3_3_, user0_.password as password4_3_, user0_.role as role5_3_, user0_.username as username6_3_ from users user0_ where user0_.username=?
?[0m?[0;34mSUPPORT
?[0m?[0;34mHibernate: select user0_.id as id1_3_, user0_.active as active2_3_, user0_.name as name3_3_, user0_.password as password4_3_, user0_.role as role5_3_, user0_.username as username6_3_ from users user0_ where user0_.username=?
?[0m?[0;34mHibernate: update users set active=?, name=?, password=?, role=?, username=? where id=?
?[0m?[1;31m
Start test 38?[0m
?[0;34mTest case
?[0m?[0;34mTesting api: '/api/auth/role'
?[0m?[0;34mExpectations: 'If a role already assigned to a user, endpoint must respond with the HTTP Conflict status (409).'
?[0m?[0;34m-----
?[0m?[0;34mHibernate: select user0_.id as id1_3_, user0_.active as active2_3_, user0_.name as name3_3_, user0_.password as password4_3_, user0_.role as role5_3_, user0_.username as username6_3_ from users user0_ where user0_.username=?
?[0m?[0;34mSUPPORT
?[0m?[0;34mHibernate: select user0_.id as id1_3_, user0_.active as active2_3_, user0_.name as name3_3_, user0_.password as password4_3_, user0_.role as role5_3_, user0_.username as username6_3_ from users user0_ where user0_.username=?
?[0m?[1;31m
Start test 39?[0m
?[0;34mTest case
?[0m?[0;34mTesting api: '/api/auth/access'
?[0m?[0;34mExpectations: 'A user johndoe2 must be UNLOCKED'
?[0m?[0;34m-----
?[0m?[0;34mHibernate: select user0_.id as id1_3_, user0_.active as active2_3_, user0_.name as name3_3_, user0_.password as password4_3_, user0_.role as role5_3_, user0_.username as username6_3_ from users user0_ where user0_.username=?
?[0m?[0;34mHibernate: select user0_.id as id1_3_, user0_.active as active2_3_, user0_.name as name3_3_, user0_.password as password4_3_, user0_.role as role5_3_, user0_.username as username6_3_ from users user0_ where user0_.username=?
?[0m?[0;34mHibernate: update users set active=?, name=?, password=?, role=?, username=? where id=?
?[0m?[1;31m
Start test 40?[0m
?[0;34mTest case
?[0m?[0;34mTesting api: '/api/auth/list'
?[0m?[0;34mExpectations: 'Role for user 'johndoe2' must be changed to SUPPORT'
?[0m?[0;34m-----
?[0m?[0;34mHibernate: select user0_.id as id1_3_, user0_.active as active2_3_, user0_.name as name3_3_, user0_.password as password4_3_, user0_.role as role5_3_, user0_.username as username6_3_ from users user0_ where user0_.username=?
?[0m?[0;34mHibernate: select user0_.id as id1_3_, user0_.active as active2_3_, user0_.name as name3_3_, user0_.password as password4_3_, user0_.role as role5_3_, user0_.username as username6_3_ from users user0_
?[0m?[1;31m
Start test 41?[0m
?[0;34mTest case
?[0m?[0;34mTesting api: '/api/antifraud/transaction'
?[0m?[0;34mExpectations: 'Role MERCHANT must be removed from user johndoe2!'
?[0m?[0;34m-----
?[0m?[0;34mHibernate: select user0_.id as id1_3_, user0_.active as active2_3_, user0_.name as name3_3_, user0_.password as password4_3_, user0_.role as role5_3_, user0_.username as username6_3_ from users user0_ where user0_.username=?
?[0m?[1;31m
Start test 42?[0m
?[0;34mTest case
?[0m?[0;34mTesting api: '/api/auth/user'
?[0m?[0;34mrequest: '{
?[0m?[0;34m   "name": "John Doe 3",
?[0m?[0;34m   "username": "johndoe3",
?[0m?[0;34m   "password": "oMoa6VvqnLxW"
?[0m?[0;34m}'
?[0m?[0;34mExpectations: 'If user successfully added, endpoint must respond with HTTP CREATED status (201) '
?[0m?[0;34m-----
?[0m?[0;34mHibernate: select user0_.id as id1_3_, user0_.active as active2_3_, user0_.name as name3_3_, user0_.password as password4_3_, user0_.role as role5_3_, user0_.username as username6_3_ from users user0_ where user0_.username=?
?[0m?[0;34mHibernate: call next value for hibernate_sequence
?[0m?[0;34mHibernate: insert into users (active, name, password, role, username, id) values (?, ?, ?, ?, ?, ?)
?[0m?[1;31m
Start test 43?[0m
?[0;34mTest case
?[0m?[0;34mTesting api: '/api/antifraud/transaction'
?[0m?[0;34mExpectations: 'MERCHANT user after registration must be LOCKED'
?[0m?[0;34m-----
?[0m?[0;34mHibernate: select user0_.id as id1_3_, user0_.active as active2_3_, user0_.name as name3_3_, user0_.password as password4_3_, user0_.role as role5_3_, user0_.username as username6_3_ from users user0_ where user0_.username=?
?[0m?[1;31m
Start test 44?[0m
?[0;34mTest case
?[0m?[0;34mTesting api: '/api/auth/access'
?[0m?[0;34mExpectations: 'A user johndoe3 must be UNLOCKED'
?[0m?[0;34m-----
?[0m?[0;34mHibernate: select user0_.id as id1_3_, user0_.active as active2_3_, user0_.name as name3_3_, user0_.password as password4_3_, user0_.role as role5_3_, user0_.username as username6_3_ from users user0_ where user0_.username=?
?[0m?[0;34mHibernate: select user0_.id as id1_3_, user0_.active as active2_3_, user0_.name as name3_3_, user0_.password as password4_3_, user0_.role as role5_3_, user0_.username as username6_3_ from users user0_ where user0_.username=?
?[0m?[0;34mHibernate: update users set active=?, name=?, password=?, role=?, username=? where id=?
?[0m?[1;31m
Start test 45?[0m
?[0;34mTest case
?[0m?[0;34mTesting api: '/api/antifraud/transaction'
?[0m?[0;34mExpectations: 'A user johndoe3 must be UNLOCKED'
?[0m?[0;34m-----
?[0m?[0;34mHibernate: select user0_.id as id1_3_, user0_.active as active2_3_, user0_.name as name3_3_, user0_.password as password4_3_, user0_.role as role5_3_, user0_.username as username6_3_ from users user0_ where user0_.username=?
?[0m?[0;34m192.168.1.1
?[0m?[0;34mHibernate: select transactio0_.id as id1_2_, transactio0_.amount as amount2_2_, transactio0_.date as date3_2_, transactio0_.ip as ip4_2_, transactio0_.number as number5_2_, transactio0_.region as region6_2_ from transactions transactio0_ where transactio0_.number=? and (transactio0_.date between ? and ?)
?[0m?[0;34mHibernate: select suspicious0_.id as id1_1_, suspicious0_.ip as ip2_1_ from suspicious_ip suspicious0_ where suspicious0_.ip=?
?[0m?[0;34mHibernate: select stolencard0_.id as id1_0_, stolencard0_.number as number2_0_ from stolen_cards stolencard0_ where stolencard0_.number=?
?[0m?[0;34mHibernate: call next value for hibernate_sequence
?[0m?[0;34mHibernate: insert into transactions (amount, date, ip, number, region, id) values (?, ?, ?, ?, ?, ?)
?[0m?[1;31m
Start test 46?[0m
?[0;34mTest case
?[0m?[0;34mTesting api: '/api/auth/access'
?[0m?[0;34mExpectations: 'A user johndoe3 must be LOCKED'
?[0m?[0;34m-----
?[0m?[0;34mHibernate: select user0_.id as id1_3_, user0_.active as active2_3_, user0_.name as name3_3_, user0_.password as password4_3_, user0_.role as role5_3_, user0_.username as username6_3_ from users user0_ where user0_.username=?
?[0m?[0;34mHibernate: select user0_.id as id1_3_, user0_.active as active2_3_, user0_.name as name3_3_, user0_.password as password4_3_, user0_.role as role5_3_, user0_.username as username6_3_ from users user0_ where user0_.username=?
?[0m?[0;34mHibernate: update users set active=?, name=?, password=?, role=?, username=? where id=?
?[0m?[1;31m
Start test 47?[0m
?[0;34mTest case
?[0m?[0;34mTesting api: '/api/antifraud/transaction'
?[0m?[0;34mExpectations: 'A user johndoe3 must be LOCKED'
?[0m?[0;34m-----
?[0m?[0;34mHibernate: select user0_.id as id1_3_, user0_.active as active2_3_, user0_.name as name3_3_, user0_.password as password4_3_, user0_.role as role5_3_, user0_.username as username6_3_ from users user0_ where user0_.username=?
?[0m?[1;31m
Start test 48?[0m
?[0;34mTest case
?[0m?[0;34mTesting api: '/api/auth/access'
?[0m?[0;34mExpectations: 'A user johndoe3 must be UNLOCKED'
?[0m?[0;34m-----
?[0m?[0;34mHibernate: select user0_.id as id1_3_, user0_.active as active2_3_, user0_.name as name3_3_, user0_.password as password4_3_, user0_.role as role5_3_, user0_.username as username6_3_ from users user0_ where user0_.username=?
?[0m?[0;34mHibernate: select user0_.id as id1_3_, user0_.active as active2_3_, user0_.name as name3_3_, user0_.password as password4_3_, user0_.role as role5_3_, user0_.username as username6_3_ from users user0_ where user0_.username=?
?[0m?[0;34mHibernate: update users set active=?, name=?, password=?, role=?, username=? where id=?
?[0m?[1;31m
Start test 49?[0m
?[0;34mTest case
?[0m?[0;34mTesting api: '/api/antifraud/transaction'
?[0m?[0;34mExpectations: 'A user with role ADMINISTRATOR must not have access to /api/antifraud/transaction'
?[0m?[0;34m-----
?[0m?[0;34mHibernate: select user0_.id as id1_3_, user0_.active as active2_3_, user0_.name as name3_3_, user0_.password as password4_3_, user0_.role as role5_3_, user0_.username as username6_3_ from users user0_ where user0_.username=?
?[0m?[1;31m
Start test 50?[0m
?[0;34mTest case
?[0m?[0;34mTesting api: '/api/antifraud/transaction'
?[0m?[0;34mExpectations: 'A user with role SUPPORT must not have access to /api/antifraud/transaction'
?[0m?[0;34m-----
?[0m?[0;34mHibernate: select user0_.id as id1_3_, user0_.active as active2_3_, user0_.name as name3_3_, user0_.password as password4_3_, user0_.role as role5_3_, user0_.username as username6_3_ from users user0_ where user0_.username=?
?[0m?[1;31m
Start test 51?[0m
?[0;34mTest case
?[0m?[0;34mTesting api: '/api/antifraud/transaction'
?[0m?[0;34mExpectations: 'A user with role ANONYMOUS must not have access to /api/antifraud/transaction'
?[0m?[0;34m-----
?[0m?[1;31m
Start test 52?[0m
?[0;34mTest case
?[0m?[0;34mTesting api: '/api/auth/user'
?[0m?[0;34mExpectations: 'A user with role ANONYMOUS must not have access to DELETE /api/auth/user'
?[0m?[0;34m-----
?[0m?[1;31m
Start test 53?[0m
?[0;34mTest case
?[0m?[0;34mTesting api: '/api/auth/user'
?[0m?[0;34mExpectations: 'A user with role SUPPORT must not have access to DELETE /api/auth/user'
?[0m?[0;34m-----
?[0m?[0;34mHibernate: select user0_.id as id1_3_, user0_.active as active2_3_, user0_.name as name3_3_, user0_.password as password4_3_, user0_.role as role5_3_, user0_.username as username6_3_ from users user0_ where user0_.username=?
?[0m?[1;31m
Start test 54?[0m
?[0;34mTest case
?[0m?[0;34mTesting api: '/api/auth/user'
?[0m?[0;34mExpectations: 'A user with role MERCHANT must not have access to DELETE /api/auth/user'
?[0m?[0;34m-----
?[0m?[0;34mHibernate: select user0_.id as id1_3_, user0_.active as active2_3_, user0_.name as name3_3_, user0_.password as password4_3_, user0_.role as role5_3_, user0_.username as username6_3_ from users user0_ where user0_.username=?
?[0m?[1;31m
Start test 55?[0m
?[0;34mTest case
?[0m?[0;34mTesting api: '/api/auth/list'
?[0m?[0;34mExpectations: 'A user with role ANONYMOUS must not have access to /api/auth/list'
?[0m?[0;34m-----
?[0m?[1;31m
Start test 56?[0m
?[0;34mTest case
?[0m?[0;34mTesting api: '/api/auth/list'
?[0m?[0;34mExpectations: 'A user with role MERCHANT must not have access to /api/auth/list'
?[0m?[0;34m-----
?[0m?[0;34mHibernate: select user0_.id as id1_3_, user0_.active as active2_3_, user0_.name as name3_3_, user0_.password as password4_3_, user0_.role as role5_3_, user0_.username as username6_3_ from users user0_ where user0_.username=?
?[0m?[1;31m
Start test 57?[0m
?[0;34mTest case
?[0m?[0;34mTesting api: '/api/antifraud/suspicious-ip'
?[0m?[0;34mExpectations: 'A user with role ADMINISTRATOR must not have access to GET /api/antifraud/suspicious-ip'
?[0m?[0;34m-----
?[0m?[0;34mHibernate: select user0_.id as id1_3_, user0_.active as active2_3_, user0_.name as name3_3_, user0_.password as password4_3_, user0_.role as role5_3_, user0_.username as username6_3_ from users user0_ where user0_.username=?
?[0m?[1;31m
Start test 58?[0m
?[0;34mTest case
?[0m?[0;34mTesting api: '/api/antifraud/suspicious-ip'
?[0m?[0;34mExpectations: 'A user with role MERCHANT must not have access to GET /api/antifraud/suspicious-ip'
?[0m?[0;34m-----
?[0m?[0;34mHibernate: select user0_.id as id1_3_, user0_.active as active2_3_, user0_.name as name3_3_, user0_.password as password4_3_, user0_.role as role5_3_, user0_.username as username6_3_ from users user0_ where user0_.username=?
?[0m?[1;31m
Start test 59?[0m
?[0;34mTest case
?[0m?[0;34mTesting api: '/api/antifraud/suspicious-ip'
?[0m?[0;34mExpectations: 'A user with role ADMINISTRATOR must not have access to POST /api/antifraud/suspicious-ip'
?[0m?[0;34m-----
?[0m?[0;34mHibernate: select user0_.id as id1_3_, user0_.active as active2_3_, user0_.name as name3_3_, user0_.password as password4_3_, user0_.role as role5_3_, user0_.username as username6_3_ from users user0_ where user0_.username=?
?[0m?[1;31m
Start test 60?[0m
?[0;34mTest case
?[0m?[0;34mTesting api: '/api/antifraud/suspicious-ip'
?[0m?[0;34mExpectations: 'A user with role MERCHANT must not have access to POST /api/antifraud/suspicious-ip'
?[0m?[0;34m-----
?[0m?[0;34mHibernate: select user0_.id as id1_3_, user0_.active as active2_3_, user0_.name as name3_3_, user0_.password as password4_3_, user0_.role as role5_3_, user0_.username as username6_3_ from users user0_ where user0_.username=?
?[0m?[1;31m
Start test 61?[0m
?[0;34mTest case
?[0m?[0;34mTesting api: '/api/antifraud/suspicious-ip'
?[0m?[0;34mExpectations: 'A user with role ADMINISTRATOR must not have access to DELETE /api/antifraud/suspicious-ip'
?[0m?[0;34m-----
?[0m?[0;34mHibernate: select user0_.id as id1_3_, user0_.active as active2_3_, user0_.name as name3_3_, user0_.password as password4_3_, user0_.role as role5_3_, user0_.username as username6_3_ from users user0_ where user0_.username=?
?[0m?[1;31m
Start test 62?[0m
?[0;34mTest case
?[0m?[0;34mTesting api: '/api/antifraud/suspicious-ip'
?[0m?[0;34mExpectations: 'A user with role MERCHANT must not have access to DELETE /api/antifraud/suspicious-ip'
?[0m?[0;34m-----
?[0m?[0;34mHibernate: select user0_.id as id1_3_, user0_.active as active2_3_, user0_.name as name3_3_, user0_.password as password4_3_, user0_.role as role5_3_, user0_.username as username6_3_ from users user0_ where user0_.username=?
?[0m?[1;31m
Start test 63?[0m
?[0;34mTest case
?[0m?[0;34mTesting api: '/api/antifraud/stolencard'
?[0m?[0;34mExpectations: 'A user with role ADMINISTRATOR must not have access to GET /api/antifraud/stolencard'
?[0m?[0;34m-----
?[0m?[0;34mHibernate: select user0_.id as id1_3_, user0_.active as active2_3_, user0_.name as name3_3_, user0_.password as password4_3_, user0_.role as role5_3_, user0_.username as username6_3_ from users user0_ where user0_.username=?
?[0m?[1;31m
Start test 64?[0m
?[0;34mTest case
?[0m?[0;34mTesting api: '/api/antifraud/stolencard'
?[0m?[0;34mExpectations: 'A user with role MERCHANT must not have access to GET /api/antifraud/stolencard'
?[0m?[0;34m-----
?[0m?[0;34mHibernate: select user0_.id as id1_3_, user0_.active as active2_3_, user0_.name as name3_3_, user0_.password as password4_3_, user0_.role as role5_3_, user0_.username as username6_3_ from users user0_ where user0_.username=?
?[0m?[1;31m
Start test 65?[0m
?[0;34mTest case
?[0m?[0;34mTesting api: '/api/antifraud/stolencard'
?[0m?[0;34mExpectations: 'A user with role ADMINISTRATOR must not have access to POST /api/antifraud/stolencard'
?[0m?[0;34m-----
?[0m?[0;34mHibernate: select user0_.id as id1_3_, user0_.active as active2_3_, user0_.name as name3_3_, user0_.password as password4_3_, user0_.role as role5_3_, user0_.username as username6_3_ from users user0_ where user0_.username=?
?[0m?[1;31m
Start test 66?[0m
?[0;34mTest case
?[0m?[0;34mTesting api: '/api/antifraud/stolencard'
?[0m?[0;34mExpectations: 'A user with role MERCHANT must not have access to POST /api/antifraud/stolencard'
?[0m?[0;34m-----
?[0m?[0;34mHibernate: select user0_.id as id1_3_, user0_.active as active2_3_, user0_.name as name3_3_, user0_.password as password4_3_, user0_.role as role5_3_, user0_.username as username6_3_ from users user0_ where user0_.username=?
?[0m?[1;31m
Start test 67?[0m
?[0;34mTest case
?[0m?[0;34mTesting api: '/api/antifraud/stolencard'
?[0m?[0;34mExpectations: 'A user with role ADMINISTRATOR must not have access to DELETE /api/antifraud/stolencard'
?[0m?[0;34m-----
?[0m?[0;34mHibernate: select user0_.id as id1_3_, user0_.active as active2_3_, user0_.name as name3_3_, user0_.password as password4_3_, user0_.role as role5_3_, user0_.username as username6_3_ from users user0_ where user0_.username=?
?[0m?[1;31m
Start test 68?[0m
?[0;34mTest case
?[0m?[0;34mTesting api: '/api/antifraud/stolencard'
?[0m?[0;34mExpectations: 'A user with role MERCHANT must not have access to DELETE /api/antifraud/stolencard'
?[0m?[0;34m-----
?[0m?[0;34mHibernate: select user0_.id as id1_3_, user0_.active as active2_3_, user0_.name as name3_3_, user0_.password as password4_3_, user0_.role as role5_3_, user0_.username as username6_3_ from users user0_ where user0_.username=?
?[0m?[1;31m
Start test 69?[0m
?[0;34mTest case
?[0m?[0;34mTesting api: '/api/antifraud/suspicious-ip'
?[0m?[0;34mExpectations: 'Endpoint must respond with empty array'
?[0m?[0;34m-----
?[0m?[0;34mHibernate: select user0_.id as id1_3_, user0_.active as active2_3_, user0_.name as name3_3_, user0_.password as password4_3_, user0_.role as role5_3_, user0_.username as username6_3_ from users user0_ where user0_.username=?
?[0m?[0;34mHibernate: select suspicious0_.id as id1_1_, suspicious0_.ip as ip2_1_ from suspicious_ip suspicious0_ order by suspicious0_.id asc
?[0m?[1;31m
Start test 70?[0m
?[0;34mTest case
?[0m?[0;34mTesting api: '/api/antifraud/suspicious-ip'
?[0m?[0;34mExpectations: 'IP must be added to Black List'
?[0m?[0;34m-----
?[0m?[0;34mHibernate: select user0_.id as id1_3_, user0_.active as active2_3_, user0_.name as name3_3_, user0_.password as password4_3_, user0_.role as role5_3_, user0_.username as username6_3_ from users user0_ where user0_.username=?
?[0m?[0;34m192.168.1.66
?[0m?[0;34mHibernate: select suspicious0_.id as id1_1_, suspicious0_.ip as ip2_1_ from suspicious_ip suspicious0_ where suspicious0_.ip=?
?[0m?[0;34mHibernate: call next value for hibernate_sequence
?[0m?[0;34mHibernate: insert into suspicious_ip (ip, id) values (?, ?)
?[0m?[1;31m
Start test 71?[0m
?[0;34mTest case
?[0m?[0;34mTesting api: '/api/antifraud/suspicious-ip'
?[0m?[0;34mExpectations: 'If IP already in database,  endpoint must respond with the HTTP Conflict status (409).'
?[0m?[0;34m-----
?[0m?[0;34mHibernate: select user0_.id as id1_3_, user0_.active as active2_3_, user0_.name as name3_3_, user0_.password as password4_3_, user0_.role as role5_3_, user0_.username as username6_3_ from users user0_ where user0_.username=?
?[0m?[0;34m192.168.1.66
?[0m?[0;34mHibernate: select suspicious0_.id as id1_1_, suspicious0_.ip as ip2_1_ from suspicious_ip suspicious0_ where suspicious0_.ip=?
?[0m?[1;31m
Start test 72?[0m
?[0;34mTest case
?[0m?[0;34mTesting api: '/api/antifraud/suspicious-ip'
?[0m?[0;34mExpectations: 'If IP doesn't have right format, respond with HTTP Bad Request status (400)'
?[0m?[0;34m-----
?[0m?[0;34mHibernate: select user0_.id as id1_3_, user0_.active as active2_3_, user0_.name as name3_3_, user0_.password as password4_3_, user0_.role as role5_3_, user0_.username as username6_3_ from users user0_ where user0_.username=?
?[0m?[0;34m192.168.351.66
?[0m?[1;31m
Start test 73?[0m
?[0;34mTest case
?[0m?[0;34mTesting api: '/api/antifraud/suspicious-ip'
?[0m?[0;34mExpectations: 'If IP doesn't have right format, respond with HTTP Bad Request status (400)'
?[0m?[0;34m-----
?[0m?[0;34mHibernate: select user0_.id as id1_3_, user0_.active as active2_3_, user0_.name as name3_3_, user0_.password as password4_3_, user0_.role as role5_3_, user0_.username as username6_3_ from users user0_ where user0_.username=?
?[0m?[0;34m192.168.1.
?[0m?[1;31m
Start test 74?[0m
?[0;34mTest case
?[0m?[0;34mTesting api: '/api/antifraud/suspicious-ip'
?[0m?[0;34mExpectations: 'IP must be added to Black List'
?[0m?[0;34m-----
?[0m?[0;34mHibernate: select user0_.id as id1_3_, user0_.active as active2_3_, user0_.name as name3_3_, user0_.password as password4_3_, user0_.role as role5_3_, user0_.username as username6_3_ from users user0_ where user0_.username=?
?[0m?[0;34m192.168.1.67
?[0m?[0;34mHibernate: select suspicious0_.id as id1_1_, suspicious0_.ip as ip2_1_ from suspicious_ip suspicious0_ where suspicious0_.ip=?
?[0m?[0;34mHibernate: call next value for hibernate_sequence
?[0m?[0;34mHibernate: insert into suspicious_ip (ip, id) values (?, ?)
?[0m?[1;31m
Start test 75?[0m
?[0;34mTest case
?[0m?[0;34mTesting api: '/api/antifraud/suspicious-ip'
?[0m?[0;34mExpectations: 'Endpoint must responds with Black List'
?[0m?[0;34m-----
?[0m?[0;34mHibernate: select user0_.id as id1_3_, user0_.active as active2_3_, user0_.name as name3_3_, user0_.password as password4_3_, user0_.role as role5_3_, user0_.username as username6_3_ from users user0_ where user0_.username=?
?[0m?[0;34mHibernate: select suspicious0_.id as id1_1_, suspicious0_.ip as ip2_1_ from suspicious_ip suspicious0_ order by suspicious0_.id asc
?[0m?[1;31m
Start test 76?[0m
?[0;34mTest case
?[0m?[0;34mTesting api: '/api/antifraud/suspicious-ip'
?[0m?[0;34mExpectations: 'IP must be removed from Black List'
?[0m?[0;34m-----
?[0m?[0;34mHibernate: select user0_.id as id1_3_, user0_.active as active2_3_, user0_.name as name3_3_, user0_.password as password4_3_, user0_.role as role5_3_, user0_.username as username6_3_ from users user0_ where user0_.username=?
?[0m?[0;34m192.168.1.66
?[0m?[0;34mHibernate: select suspicious0_.id as id1_1_, suspicious0_.ip as ip2_1_ from suspicious_ip suspicious0_ where suspicious0_.ip=?
?[0m?[0;34mHibernate: delete from suspicious_ip where id=?
?[0m?[1;31m
Start test 77?[0m
?[0;34mTest case
?[0m?[0;34mTesting api: '/api/antifraud/suspicious-ip'
?[0m?[0;34mExpectations: 'If IP not found in database, respond with the HTTP Not Found status (404).'
?[0m?[0;34m-----
?[0m?[0;34mHibernate: select user0_.id as id1_3_, user0_.active as active2_3_, user0_.name as name3_3_, user0_.password as password4_3_, user0_.role as role5_3_, user0_.username as username6_3_ from users user0_ where user0_.username=?
?[0m?[0;34m192.168.1.66
?[0m?[0;34mHibernate: select suspicious0_.id as id1_1_, suspicious0_.ip as ip2_1_ from suspicious_ip suspicious0_ where suspicious0_.ip=?
?[0m?[1;31m
Start test 78?[0m
?[0;34mTest case
?[0m?[0;34mTesting api: '/api/antifraud/suspicious-ip'
?[0m?[0;34mExpectations: 'If IP doesn't have right format, respond with HTTP Bad Request status (400)'
?[0m?[0;34m-----
?[0m?[0;34mHibernate: select user0_.id as id1_3_, user0_.active as active2_3_, user0_.name as name3_3_, user0_.password as password4_3_, user0_.role as role5_3_, user0_.username as username6_3_ from users user0_ where user0_.username=?
?[0m?[0;34m192.168.1.
?[0m?[1;31m
Start test 79?[0m
?[0;34mTest case
?[0m?[0;34mTesting api: '/api/antifraud/suspicious-ip'
?[0m?[0;34mExpectations: 'IP must be removed from Black List'
?[0m?[0;34m-----
?[0m?[0;34mHibernate: select user0_.id as id1_3_, user0_.active as active2_3_, user0_.name as name3_3_, user0_.password as password4_3_, user0_.role as role5_3_, user0_.username as username6_3_ from users user0_ where user0_.username=?
?[0m?[0;34mHibernate: select suspicious0_.id as id1_1_, suspicious0_.ip as ip2_1_ from suspicious_ip suspicious0_ order by suspicious0_.id asc
?[0m?[1;31m
Start test 80?[0m
?[0;34mTest case
?[0m?[0;34mTesting api: '/api/antifraud/stolencard'
?[0m?[0;34mExpectations: 'Endpoint must respond with empty array'
?[0m?[0;34m-----
?[0m?[0;34mHibernate: select user0_.id as id1_3_, user0_.active as active2_3_, user0_.name as name3_3_, user0_.password as password4_3_, user0_.role as role5_3_, user0_.username as username6_3_ from users user0_ where user0_.username=?
?[0m?[0;34mHibernate: select stolencard0_.id as id1_0_, stolencard0_.number as number2_0_ from stolen_cards stolencard0_ order by stolencard0_.id asc
?[0m?[1;31m
Start test 81?[0m
?[0;34mTest case
?[0m?[0;34mTesting api: '/api/antifraud/stolencard'
?[0m?[0;34mExpectations: 'A card must be added to Black List'
?[0m?[0;34m-----
?[0m?[0;34mHibernate: select user0_.id as id1_3_, user0_.active as active2_3_, user0_.name as name3_3_, user0_.password as password4_3_, user0_.role as role5_3_, user0_.username as username6_3_ from users user0_ where user0_.username=?
?[0m?[0;34mHibernate: select stolencard0_.id as id1_0_, stolencard0_.number as number2_0_ from stolen_cards stolencard0_ where stolencard0_.number=?
?[0m?[0;34mHibernate: call next value for hibernate_sequence
?[0m?[0;34mHibernate: insert into stolen_cards (number, id) values (?, ?)
?[0m?[1;31m
Start test 82?[0m
?[0;34mTest case
?[0m?[0;34mTesting api: '/api/antifraud/stolencard'
?[0m?[0;34mExpectations: 'If card-number already in database, endpoint must respond with the HTTP Conflict status (409).'
?[0m?[0;34m-----
?[0m?[0;34mHibernate: select user0_.id as id1_3_, user0_.active as active2_3_, user0_.name as name3_3_, user0_.password as password4_3_, user0_.role as role5_3_, user0_.username as username6_3_ from users user0_ where user0_.username=?
?[0m?[0;34mHibernate: select stolencard0_.id as id1_0_, stolencard0_.number as number2_0_ from stolen_cards stolencard0_ where stolencard0_.number=?
?[0m?[1;31m
Start test 83?[0m
?[0;34mTest case
?[0m?[0;34mTesting api: '/api/antifraud/stolencard'
?[0m?[0;34mExpectations: 'If card-number doesn't have right format, endpoint must respond with HTTP Bad Request status (400).'
?[0m?[0;34m-----
?[0m?[0;34mHibernate: select user0_.id as id1_3_, user0_.active as active2_3_, user0_.name as name3_3_, user0_.password as password4_3_, user0_.role as role5_3_, user0_.username as username6_3_ from users user0_ where user0_.username=?
?[0m?[1;31m
Start test 84?[0m
?[0;34mTest case
?[0m?[0;34mTesting api: '/api/antifraud/stolencard'
?[0m?[0;34mExpectations: 'If checksum of card-number is wrong, endpoint must respond with HTTP Bad Request status (400).'
?[0m?[0;34m-----
?[0m?[0;34mHibernate: select user0_.id as id1_3_, user0_.active as active2_3_, user0_.name as name3_3_, user0_.password as password4_3_, user0_.role as role5_3_, user0_.username as username6_3_ from users user0_ where user0_.username=?
?[0m?[1;31m
Start test 85?[0m
?[0;34mTest case
?[0m?[0;34mTesting api: '/api/antifraud/stolencard'
?[0m?[0;34mExpectations: 'A card must be added to Black List'
?[0m?[0;34m-----
?[0m?[0;34mHibernate: select user0_.id as id1_3_, user0_.active as active2_3_, user0_.name as name3_3_, user0_.password as password4_3_, user0_.role as role5_3_, user0_.username as username6_3_ from users user0_ where user0_.username=?
?[0m?[0;34mHibernate: select stolencard0_.id as id1_0_, stolencard0_.number as number2_0_ from stolen_cards stolencard0_ where stolencard0_.number=?
?[0m?[0;34mHibernate: call next value for hibernate_sequence
?[0m?[0;34mHibernate: insert into stolen_cards (number, id) values (?, ?)
?[0m?[1;31m
Start test 86?[0m
?[0;34mTest case
?[0m?[0;34mTesting api: '/api/antifraud/stolencard'
?[0m?[0;34mExpectations: 'Endpoint must responds with Black List'
?[0m?[0;34m-----
?[0m?[0;34mHibernate: select user0_.id as id1_3_, user0_.active as active2_3_, user0_.name as name3_3_, user0_.password as password4_3_, user0_.role as role5_3_, user0_.username as username6_3_ from users user0_ where user0_.username=?
?[0m?[0;34mHibernate: select stolencard0_.id as id1_0_, stolencard0_.number as number2_0_ from stolen_cards stolencard0_ order by stolencard0_.id asc
?[0m?[1;31m
Start test 87?[0m
?[0;34mTest case
?[0m?[0;34mTesting api: '/api/antifraud/stolencard'
?[0m?[0;34mExpectations: 'Card must be removed from Black List'
?[0m?[0;34m-----
?[0m?[0;34mHibernate: select user0_.id as id1_3_, user0_.active as active2_3_, user0_.name as name3_3_, user0_.password as password4_3_, user0_.role as role5_3_, user0_.username as username6_3_ from users user0_ where user0_.username=?
?[0m?[0;34mHibernate: select stolencard0_.id as id1_0_, stolencard0_.number as number2_0_ from stolen_cards stolencard0_ where stolencard0_.number=?
?[0m?[0;34mHibernate: delete from stolen_cards where id=?
?[0m?[1;31m
Start test 88?[0m
?[0;34mTest case
?[0m?[0;34mTesting api: '/api/antifraud/stolencard'
?[0m?[0;34mExpectations: 'If card-number not found in database, respond with the HTTP Not Found status (404).'
?[0m?[0;34m-----
?[0m?[0;34mHibernate: select user0_.id as id1_3_, user0_.active as active2_3_, user0_.name as name3_3_, user0_.password as password4_3_, user0_.role as role5_3_, user0_.username as username6_3_ from users user0_ where user0_.username=?
?[0m?[0;34mHibernate: select stolencard0_.id as id1_0_, stolencard0_.number as number2_0_ from stolen_cards stolencard0_ where stolencard0_.number=?
?[0m?[1;31m
Start test 89?[0m
?[0;34mTest case
?[0m?[0;34mTesting api: '/api/antifraud/stolencard'
?[0m?[0;34mExpectations: 'If card-number doesn't have right format, endpoint must respond with HTTP Bad Request status (400).'
?[0m?[0;34m-----
?[0m?[0;34mHibernate: select user0_.id as id1_3_, user0_.active as active2_3_, user0_.name as name3_3_, user0_.password as password4_3_, user0_.role as role5_3_, user0_.username as username6_3_ from users user0_ where user0_.username=?
?[0m?[1;31m
Start test 90?[0m
?[0;34mTest case
?[0m?[0;34mTesting api: '/api/antifraud/stolencard'
?[0m?[0;34mExpectations: 'Card must be removed from Black List'
?[0m?[0;34m-----
?[0m?[0;34mHibernate: select user0_.id as id1_3_, user0_.active as active2_3_, user0_.name as name3_3_, user0_.password as password4_3_, user0_.role as role5_3_, user0_.username as username6_3_ from users user0_ where user0_.username=?
?[0m?[0;34mHibernate: select stolencard0_.id as id1_0_, stolencard0_.number as number2_0_ from stolen_cards stolencard0_ order by stolencard0_.id asc
?[0m?[1;31m
Start test 91?[0m
?[0;34mTest case
?[0m?[0;34mTesting api: '/api/antifraud/transaction'
?[0m?[0;34mExpectations: 'Transaction must be PROHIBITED due to - suspicious ip reason'
?[0m?[0;34m-----
?[0m?[0;34mHibernate: select user0_.id as id1_3_, user0_.active as active2_3_, user0_.name as name3_3_, user0_.password as password4_3_, user0_.role as role5_3_, user0_.username as username6_3_ from users user0_ where user0_.username=?
?[0m?[0;34m192.168.1.67
?[0m?[0;34mHibernate: select transactio0_.id as id1_2_, transactio0_.amount as amount2_2_, transactio0_.date as date3_2_, transactio0_.ip as ip4_2_, transactio0_.number as number5_2_, transactio0_.region as region6_2_ from transactions transactio0_ where transactio0_.number=? and (transactio0_.date between ? and ?)
?[0m?[0;34mHibernate: select suspicious0_.id as id1_1_, suspicious0_.ip as ip2_1_ from suspicious_ip suspicious0_ where suspicious0_.ip=?
?[0m?[0;34mHibernate: select stolencard0_.id as id1_0_, stolencard0_.number as number2_0_ from stolen_cards stolencard0_ where stolencard0_.number=?
?[0m?[0;34mHibernate: call next value for hibernate_sequence
?[0m?[0;34mHibernate: insert into transactions (amount, date, ip, number, region, id) values (?, ?, ?, ?, ?, ?)
?[0m?[1;31m
Start test 92?[0m
?[0;34mTest case
?[0m?[0;34mTesting api: '/api/antifraud/transaction'
?[0m?[0;34mExpectations: 'Transaction must be PROHIBITED due to - stolen card reason'
?[0m?[0;34m-----
?[0m?[0;34mHibernate: select user0_.id as id1_3_, user0_.active as active2_3_, user0_.name as name3_3_, user0_.password as password4_3_, user0_.role as role5_3_, user0_.username as username6_3_ from users user0_ where user0_.username=?
?[0m?[0;34m192.168.1.1
?[0m?[0;34mHibernate: select transactio0_.id as id1_2_, transactio0_.amount as amount2_2_, transactio0_.date as date3_2_, transactio0_.ip as ip4_2_, transactio0_.number as number5_2_, transactio0_.region as region6_2_ from transactions transactio0_ where transactio0_.number=? and (transactio0_.date between ? and ?)
?[0m?[0;34mHibernate: select suspicious0_.id as id1_1_, suspicious0_.ip as ip2_1_ from suspicious_ip suspicious0_ where suspicious0_.ip=?
[...]
?[0m?[0;34mHibernate: select stolencard0_.id as id1_0_, stolencard0_.number as number2_0_ from stolen_cards stolencard0_ where stolencard0_.number=?
?[0m?[0;34mHibernate: call next value for hibernate_sequence
?[0m?[0;34mHibernate: insert into transactions (amount, date, ip, number, region, id) values (?, ?, ?, ?, ?, ?)
?[0m?[1;31m
Start test 96?[0m
?[0;34mTest case
?[0m?[0;34mTesting api: '/api/antifraud/transaction'
?[0m?[0;34mExpectations: 'Transaction must be ALLOWED'
?[0m?[0;34m-----
?[0m?[0;34mHibernate: select user0_.id as id1_3_, user0_.active as active2_3_, user0_.name as name3_3_, user0_.password as password4_3_, user0_.role as role5_3_, user0_.username as username6_3_ from users user0_ where user0_.username=?
?[0m?[0;34m192.168.1.3
?[0m?[0;34mHibernate: select transactio0_.id as id1_2_, transactio0_.amount as amount2_2_, transactio0_.date as date3_2_, transactio0_.ip as ip4_2_, transactio0_.number as number5_2_, transactio0_.region as region6_2_ from transactions transactio0_ where transactio0_.number=? and (transactio0_.date between ? and ?)
?[0m?[0;34mHibernate: select suspicious0_.id as id1_1_, suspicious0_.ip as ip2_1_ from suspicious_ip suspicious0_ where suspicious0_.ip=?
?[0m?[0;34mHibernate: select stolencard0_.id as id1_0_, stolencard0_.number as number2_0_ from stolen_cards stolencard0_ where stolencard0_.number=?
?[0m?[0;34mHibernate: call next value for hibernate_sequence
?[0m?[0;34mHibernate: insert into transactions (amount, date, ip, number, region, id) values (?, ?, ?, ?, ?, ?)
?[0m?[1;31m
Start test 97?[0m
?[0;34mTest case
?[0m?[0;34mTesting api: '/api/antifraud/transaction'
?[0m?[0;34mExpectations: 'Transaction must be ALLOWED'
?[0m?[0;34m-----
?[0m?[0;34mHibernate: select user0_.id as id1_3_, user0_.active as active2_3_, user0_.name as name3_3_, user0_.password as password4_3_, user0_.role as role5_3_, user0_.username as username6_3_ from users user0_ where user0_.username=?
?[0m?[0;34m192.168.1.3
?[0m?[0;34mHibernate: select transactio0_.id as id1_2_, transactio0_.amount as amount2_2_, transactio0_.date as date3_2_, transactio0_.ip as ip4_2_, transactio0_.number as number5_2_, transactio0_.region as region6_2_ from transactions transactio0_ where transactio0_.number=? and (transactio0_.date between ? and ?)
?[0m?[0;34mHibernate: select suspicious0_.id as id1_1_, suspicious0_.ip as ip2_1_ from suspicious_ip suspicious0_ where suspicious0_.ip=?
?[0m?[0;34mHibernate: select stolencard0_.id as id1_0_, stolencard0_.number as number2_0_ from stolen_cards stolencard0_ where stolencard0_.number=?
?[0m?[0;34mHibernate: call next value for hibernate_sequence
?[0m?[0;34mHibernate: insert into transactions (amount, date, ip, number, region, id) values (?, ?, ?, ?, ?, ?)
?[0m?[1;31m
Start test 98?[0m
?[0;34mTest case
?[0m?[0;34mTesting api: '/api/antifraud/transaction'
?[0m?[0;34mExpectations: 'Transaction must be MANUAL_PROCESSING due to - ip correlation rule'
?[0m?[0;34m-----
?[0m?[0;34mHibernate: select user0_.id as id1_3_, user0_.active as active2_3_, user0_.name as name3_3_, user0_.password as password4_3_, user0_.role as role5_3_, user0_.username as username6_3_ from users user0_ where user0_.username=?
?[0m?[0;34m192.168.1.4
?[0m?[0;34mHibernate: select transactio0_.id as id1_2_, transactio0_.amount as amount2_2_, transactio0_.date as date3_2_, transactio0_.ip as ip4_2_, transactio0_.number as number5_2_, transactio0_.region as region6_2_ from transactions transactio0_ where transactio0_.number=? and (transactio0_.date between ? and ?)
?[0m?[0;34mHibernate: select suspicious0_.id as id1_1_, suspicious0_.ip as ip2_1_ from suspicious_ip suspicious0_ where suspicious0_.ip=?
?[0m?[0;34mHibernate: select stolencard0_.id as id1_0_, stolencard0_.number as number2_0_ from stolen_cards stolencard0_ where stolencard0_.number=?
?[0m?[0;34mHibernate: call next value for hibernate_sequence
?[0m?[0;34mHibernate: insert into transactions (amount, date, ip, number, region, id) values (?, ?, ?, ?, ?, ?)
?[0m?[1;31m
Start test 99?[0m
?[0;34mTest case
?[0m?[0;34mTesting api: '/api/antifraud/transaction'
?[0m?[0;34mExpectations: 'Transaction must be PROHIBITED due to - ip correlation rule'
?[0m?[0;34m-----
?[0m?[0;34mHibernate: select user0_.id as id1_3_, user0_.active as active2_3_, user0_.name as name3_3_, user0_.password as password4_3_, user0_.role as role5_3_, user0_.username as username6_3_ from users user0_ where user0_.username=?
?[0m?[0;34m192.168.1.5
?[0m?[0;34mHibernate: select transactio0_.id as id1_2_, transactio0_.amount as amount2_2_, transactio0_.date as date3_2_, transactio0_.ip as ip4_2_, transactio0_.number as number5_2_, transactio0_.region as region6_2_ from transactions transactio0_ where transactio0_.number=? and (transactio0_.date between ? and ?)
?[0m?[0;34mHibernate: select suspicious0_.id as id1_1_, suspicious0_.ip as ip2_1_ from suspicious_ip suspicious0_ where suspicious0_.ip=?
?[0m?[0;34mHibernate: select stolencard0_.id as id1_0_, stolencard0_.number as number2_0_ from stolen_cards stolencard0_ where stolencard0_.number=?
?[0m?[0;34mHibernate: call next value for hibernate_sequence
?[0m?[0;34mHibernate: insert into transactions (amount, date, ip, number, region, id) values (?, ?, ?, ?, ?, ?)
?[0m?[1;31m
Start test 100?[0m
?[0;34mTest case
?[0m?[0;34mTesting api: '/api/antifraud/stolencard'
?[0m?[0;34mExpectations: 'A card must be added to Black List'
?[0m?[0;34m-----
?[0m?[0;34mHibernate: select user0_.id as id1_3_, user0_.active as active2_3_, user0_.name as name3_3_, user0_.password as password4_3_, user0_.role as role5_3_, user0_.username as username6_3_ from users user0_ where user0_.username=?
?[0m?[0;34mHibernate: select stolencard0_.id as id1_0_, stolencard0_.number as number2_0_ from stolen_cards stolencard0_ where stolencard0_.number=?
?[0m?[0;34mHibernate: call next value for hibernate_sequence
?[0m?[0;34mHibernate: insert into stolen_cards (number, id) values (?, ?)
?[0m?[1;31m
Start test 101?[0m
?[0;34mTest case
?[0m?[0;34mTesting api: '/api/antifraud/suspicious-ip'
?[0m?[0;34mExpectations: 'IP must be added to Black List'
?[0m?[0;34m-----
?[0m?[0;34mHibernate: select user0_.id as id1_3_, user0_.active as active2_3_, user0_.name as name3_3_, user0_.password as password4_3_, user0_.role as role5_3_, user0_.username as username6_3_ from users user0_ where user0_.username=?
?[0m?[0;34m192.168.1.5
?[0m?[0;34mHibernate: select suspicious0_.id as id1_1_, suspicious0_.ip as ip2_1_ from suspicious_ip suspicious0_ where suspicious0_.ip=?
?[0m?[0;34mHibernate: call next value for hibernate_sequence
?[0m?[0;34mHibernate: insert into suspicious_ip (ip, id) values (?, ?)
?[0m?[1;31m
Start test 102?[0m
?[0;34mTest case
?[0m?[0;34mTesting api: '/api/antifraud/transaction'
?[0m?[0;34mExpectations: 'Transaction must be PROHIBITED due to - amount, card-number, ip, ip-correlation reasons'
?[0m?[0;34m-----
?[0m?[0;34mHibernate: select user0_.id as id1_3_, user0_.active as active2_3_, user0_.name as name3_3_, user0_.password as password4_3_, user0_.role as role5_3_, user0_.username as username6_3_ from users user0_ where user0_.username=?
?[0m?[0;34m192.168.1.5
?[0m?[0;34mHibernate: select transactio0_.id as id1_2_, transactio0_.amount as amount2_2_, transactio0_.date as date3_2_, transactio0_.ip as ip4_2_, transactio0_.number as number5_2_, transactio0_.region as region6_2_ from transactions transactio0_ where transactio0_.number=? and (transactio0_.date between ? and ?)
?[0m?[0;34mHibernate: select suspicious0_.id as id1_1_, suspicious0_.ip as ip2_1_ from suspicious_ip suspicious0_ where suspicious0_.ip=?
?[0m?[0;34mHibernate: select stolencard0_.id as id1_0_, stolencard0_.number as number2_0_ from stolen_cards stolencard0_ where stolencard0_.number=?
?[0m?[0;34mHibernate: call next value for hibernate_sequence
?[0m?[0;34mHibernate: insert into transactions (amount, date, ip, number, region, id) values (?, ?, ?, ?, ?, ?)
?[0m?[1;31m
Start test 103?[0m
?[0;34mTest case
?[0m?[0;34mTesting api: '/api/antifraud/stolencard'
?[0m?[0;34mExpectations: 'Card must be removed from Black List'
?[0m?[0;34m-----
?[0m?[0;34mHibernate: select user0_.id as id1_3_, user0_.active as active2_3_, user0_.name as name3_3_, user0_.password as password4_3_, user0_.role as role5_3_, user0_.username as username6_3_ from users user0_ where user0_.username=?
?[0m?[0;34mHibernate: select stolencard0_.id as id1_0_, stolencard0_.number as number2_0_ from stolen_cards stolencard0_ where stolencard0_.number=?
?[0m?[0;34mHibernate: delete from stolen_cards where id=?
?[0m?[1;31m
Start test 104?[0m
?[0;34mTest case
?[0m?[0;34mTesting api: '/api/antifraud/suspicious-ip'
?[0m?[0;34mExpectations: 'IP must be removed from Black List'
?[0m?[0;34m-----
?[0m?[0;34mHibernate: select user0_.id as id1_3_, user0_.active as active2_3_, user0_.name as name3_3_, user0_.password as password4_3_, user0_.role as role5_3_, user0_.username as username6_3_ from users user0_ where user0_.username=?
?[0m?[0;34m192.168.1.5
?[0m?[0;34mHibernate: select suspicious0_.id as id1_1_, suspicious0_.ip as ip2_1_ from suspicious_ip suspicious0_ where suspicious0_.ip=?
?[0m?[0;34mHibernate: delete from suspicious_ip where id=?
?[0m?[1;31m
Start test 105?[0m
?[0;34mTest case
?[0m?[0;34mTesting api: '/api/antifraud/transaction'
?[0m?[0;34mExpectations: 'Transaction must be ALLOWED'
?[0m?[0;34m-----
?[0m?[0;34mHibernate: select user0_.id as id1_3_, user0_.active as active2_3_, user0_.name as name3_3_, user0_.password as password4_3_, user0_.role as role5_3_, user0_.username as username6_3_ from users user0_ where user0_.username=?
?[0m?[0;34m192.168.1.2
?[0m?[0;34mHibernate: select transactio0_.id as id1_2_, transactio0_.amount as amount2_2_, transactio0_.date as date3_2_, transactio0_.ip as ip4_2_, transactio0_.number as number5_2_, transactio0_.region as region6_2_ from transactions transactio0_ where transactio0_.number=? and (transactio0_.date between ? and ?)
?[0m?[0;34mHibernate: select suspicious0_.id as id1_1_, suspicious0_.ip as ip2_1_ from suspicious_ip suspicious0_ where suspicious0_.ip=?
?[0m?[0;34mHibernate: select stolencard0_.id as id1_0_, stolencard0_.number as number2_0_ from stolen_cards stolencard0_ where stolencard0_.number=?
?[0m?[0;34mHibernate: call next value for hibernate_sequence
?[0m?[0;34mHibernate: insert into transactions (amount, date, ip, number, region, id) values (?, ?, ?, ?, ?, ?)
?[0m?[1;31m
Start test 106?[0m
?[0;34mTest case
?[0m?[0;34mTesting api: '/api/antifraud/transaction'
?[0m?[0;34mExpectations: 'Transaction must be ALLOWED'
?[0m?[0;34m-----
?[0m?[0;34mHibernate: select user0_.id as id1_3_, user0_.active as active2_3_, user0_.name as name3_3_, user0_.password as password4_3_, user0_.role as role5_3_, user0_.username as username6_3_ from users user0_ where user0_.username=?
?[0m?[0;34m192.168.1.2
?[0m?[0;34mHibernate: select transactio0_.id as id1_2_, transactio0_.amount as amount2_2_, transactio0_.date as date3_2_, transactio0_.ip as ip4_2_, transactio0_.number as number5_2_, transactio0_.region as region6_2_ from transactions transactio0_ where transactio0_.number=? and (transactio0_.date between ? and ?)
?[0m?[0;34mHibernate: select suspicious0_.id as id1_1_, suspicious0_.ip as ip2_1_ from suspicious_ip suspicious0_ where suspicious0_.ip=?
?[0m?[0;34mHibernate: select stolencard0_.id as id1_0_, stolencard0_.number as number2_0_ from stolen_cards stolencard0_ where stolencard0_.number=?
?[0m?[0;34mHibernate: call next value for hibernate_sequence
?[0m?[0;34mHibernate: insert into transactions (amount, date, ip, number, region, id) values (?, ?, ?, ?, ?, ?)
?[0m?[1;31m
Start test 107?[0m
?[0;34mTest case
?[0m?[0;34mTesting api: '/api/antifraud/transaction'
?[0m?[0;34mExpectations: 'Transaction must be ALLOWED'
?[0m?[0;34m-----
?[0m?[0;34mHibernate: select user0_.id as id1_3_, user0_.active as active2_3_, user0_.name as name3_3_, user0_.password as password4_3_, user0_.role as role5_3_, user0_.username as username6_3_ from users user0_ where user0_.username=?
?[0m?[0;34m192.168.1.2
?[0m?[0;34mHibernate: select transactio0_.id as id1_2_, transactio0_.amount as amount2_2_, transactio0_.date as date3_2_, transactio0_.ip as ip4_2_, transactio0_.number as number5_2_, transactio0_.region as region6_2_ from transactions transactio0_ where transactio0_.number=? and (transactio0_.date between ? and ?)
?[0m?[0;34mHibernate: select suspicious0_.id as id1_1_, suspicious0_.ip as ip2_1_ from suspicious_ip suspicious0_ where suspicious0_.ip=?
?[0m?[0;34mHibernate: select stolencard0_.id as id1_0_, stolencard0_.number as number2_0_ from stolen_cards stolencard0_ where stolencard0_.number=?
?[0m?[0;34mHibernate: call next value for hibernate_sequence
?[0m?[0;34mHibernate: insert into transactions (amount, date, ip, number, region, id) values (?, ?, ?, ?, ?, ?)
?[0m?[1;31m
Start test 108?[0m
?[0;34mTest case
?[0m?[0;34mTesting api: '/api/antifraud/transaction'
?[0m?[0;34mExpectations: 'Transaction must be MANUAL_PROCESSING due to - region correlation rule'
?[0m?[0;34m-----
?[0m?[0;34mHibernate: select user0_.id as id1_3_, user0_.active as active2_3_, user0_.name as name3_3_, user0_.password as password4_3_, user0_.role as role5_3_, user0_.username as username6_3_ from users user0_ where user0_.username=?
?[0m?[0;34m192.168.1.2
?[0m?[0;34mHibernate: select transactio0_.id as id1_2_, transactio0_.amount as amount2_2_, transactio0_.date as date3_2_, transactio0_.ip as ip4_2_, transactio0_.number as number5_2_, transactio0_.region as region6_2_ from transactions transactio0_ where transactio0_.number=? and (transactio0_.date between ? and ?)
?[0m?[0;34mHibernate: select suspicious0_.id as id1_1_, suspicious0_.ip as ip2_1_ from suspicious_ip suspicious0_ where suspicious0_.ip=?
?[0m?[0;34mHibernate: select stolencard0_.id as id1_0_, stolencard0_.number as number2_0_ from stolen_cards stolencard0_ where stolencard0_.number=?
?[0m?[0;34mHibernate: call next value for hibernate_sequence
?[0m?[0;34mHibernate: insert into transactions (amount, date, ip, number, region, id) values (?, ?, ?, ?, ?, ?)
?[0m?[1;31m
Start test 109?[0m
?[0;34mTest case
?[0m?[0;34mTesting api: '/api/antifraud/transaction'
?[0m?[0;34mExpectations: 'Transaction must be PROHIBITED due to - region correlation rule'
?[0m?[0;34m-----
?[0m?[0;34mHibernate: select user0_.id as id1_3_, user0_.active as active2_3_, user0_.name as name3_3_, user0_.password as password4_3_, user0_.role as role5_3_, user0_.username as username6_3_ from users user0_ where user0_.username=?
?[0m?[0;34m192.168.1.2
?[0m?[0;34mHibernate: select transactio0_.id as id1_2_, transactio0_.amount as amount2_2_, transactio0_.date as date3_2_, transactio0_.ip as ip4_2_, transactio0_.number as number5_2_, transactio0_.region as region6_2_ from transactions transactio0_ where transactio0_.number=? and (transactio0_.date between ? and ?)
?[0m?[0;34mHibernate: select suspicious0_.id as id1_1_, suspicious0_.ip as ip2_1_ from suspicious_ip suspicious0_ where suspicious0_.ip=?
?[0m?[0;34mHibernate: select stolencard0_.id as id1_0_, stolencard0_.number as number2_0_ from stolen_cards stolencard0_ where stolencard0_.number=?
?[0m?[0;34mHibernate: call next value for hibernate_sequence
?[0m?[0;34mHibernate: insert into transactions (amount, date, ip, number, region, id) values (?, ?, ?, ?, ?, ?)
?[0m?[1;31m
Start test 110?[0m
?[0;34mTest case
?[0m?[0;34mTesting api: '/api/antifraud/stolencard'
?[0m?[0;34mExpectations: 'A card must be added to Black List'
?[0m?[0;34m-----
?[0m?[0;34mHibernate: select user0_.id as id1_3_, user0_.active as active2_3_, user0_.name as name3_3_, user0_.password as password4_3_, user0_.role as role5_3_, user0_.username as username6_3_ from users user0_ where user0_.username=?
?[0m?[0;34mHibernate: select stolencard0_.id as id1_0_, stolencard0_.number as number2_0_ from stolen_cards stolencard0_ where stolencard0_.number=?
?[0m?[0;34mHibernate: call next value for hibernate_sequence
?[0m?[0;34mHibernate: insert into stolen_cards (number, id) values (?, ?)
?[0m?[1;31m
Start test 111?[0m
?[0;34mTest case
?[0m?[0;34mTesting api: '/api/antifraud/suspicious-ip'
?[0m?[0;34mExpectations: 'IP must be added to Black List'
?[0m?[0;34m-----
?[0m?[0;34mHibernate: select user0_.id as id1_3_, user0_.active as active2_3_, user0_.name as name3_3_, user0_.password as password4_3_, user0_.role as role5_3_, user0_.username as username6_3_ from users user0_ where user0_.username=?
?[0m?[0;34m192.168.1.2
?[0m?[0;34mHibernate: select suspicious0_.id as id1_1_, suspicious0_.ip as ip2_1_ from suspicious_ip suspicious0_ where suspicious0_.ip=?
?[0m?[0;34mHibernate: call next value for hibernate_sequence
?[0m?[0;34mHibernate: insert into suspicious_ip (ip, id) values (?, ?)
?[0m?[1;31m
Start test 112?[0m
?[0;34mTest case
?[0m?[0;34mTesting api: '/api/antifraud/transaction'
?[0m?[0;34mExpectations: 'Transaction must be PROHIBITED due to - amount, card-number, ip, region-correlation reasons'
?[0m?[0;34m-----
?[0m?[0;34mHibernate: select user0_.id as id1_3_, user0_.active as active2_3_, user0_.name as name3_3_, user0_.password as password4_3_, user0_.role as role5_3_, user0_.username as username6_3_ from users user0_ where user0_.username=?
?[0m?[0;34m192.168.1.2
?[0m?[0;34mHibernate: select transactio0_.id as id1_2_, transactio0_.amount as amount2_2_, transactio0_.date as date3_2_, transactio0_.ip as ip4_2_, transactio0_.number as number5_2_, transactio0_.region as region6_2_ from transactions transactio0_ where transactio0_.number=? and (transactio0_.date between ? and ?)
?[0m?[0;34mHibernate: select suspicious0_.id as id1_1_, suspicious0_.ip as ip2_1_ from suspicious_ip suspicious0_ where suspicious0_.ip=?
?[0m?[0;34mHibernate: select stolencard0_.id as id1_0_, stolencard0_.number as number2_0_ from stolen_cards stolencard0_ where stolencard0_.number=?
?[0m?[0;34mHibernate: call next value for hibernate_sequence
?[0m?[0;34mHibernate: insert into transactions (amount, date, ip, number, region, id) values (?, ?, ?, ?, ?, ?)
?[0m?[1;31m
Start test 113?[0m
?[0;34mTest case
?[0m?[0;34mTesting api: '/api/antifraud/stolencard'
?[0m?[0;34mExpectations: 'Card must be removed from Black List'
?[0m?[0;34m-----
?[0m?[0;34mHibernate: select user0_.id as id1_3_, user0_.active as active2_3_, user0_.name as name3_3_, user0_.password as password4_3_, user0_.role as role5_3_, user0_.username as username6_3_ from users user0_ where user0_.username=?
?[0m?[0;34mHibernate: select stolencard0_.id as id1_0_, stolencard0_.number as number2_0_ from stolen_cards stolencard0_ where stolencard0_.number=?
?[0m?[0;34mHibernate: delete from stolen_cards where id=?
?[0m?[1;31m
Start test 114?[0m
?[0;34mTest case
?[0m?[0;34mTesting api: '/api/antifraud/transaction'
?[0m?[0;34mExpectations: 'Transaction must be MANUAL_PROCESSING due to - ip correlation rule'
?[0m?[0;34m-----
?[0m?[0;34mHibernate: select user0_.id as id1_3_, user0_.active as active2_3_, user0_.name as name3_3_, user0_.password as password4_3_, user0_.role as role5_3_, user0_.username as username6_3_ from users user0_ where user0_.username=?
?[0m?[0;34m192.168.1.4
?[0m?[0;34mHibernate: select transactio0_.id as id1_2_, transactio0_.amount as amount2_2_, transactio0_.date as date3_2_, transactio0_.ip as ip4_2_, transactio0_.number as number5_2_, transactio0_.region as region6_2_ from transactions transactio0_ where transactio0_.number=? and (transactio0_.date between ? and ?)
?[0m?[0;34mHibernate: select suspicious0_.id as id1_1_, suspicious0_.ip as ip2_1_ from suspicious_ip suspicious0_ where suspicious0_.ip=?
?[0m?[0;34mHibernate: select stolencard0_.id as id1_0_, stolencard0_.number as number2_0_ from stolen_cards stolencard0_ where stolencard0_.number=?
?[0m?[0;34mHibernate: call next value for hibernate_sequence
?[0m?[0;34mHibernate: insert into transactions (amount, date, ip, number, region, id) values (?, ?, ?, ?, ?, ?)
?[0m]]></system-out>
  <system-err><![CDATA[]]></system-err>
</testsuite>
